2025-08-30 15:30:05 | INFO | __main__:47 | Logger loaded.
2025-08-30 15:30:05 | INFO | __main__:162 | STARTING main()..
2025-08-30 15:30:05 | INFO | __main__:163 | Byline:

**********************************************************
Moore CAD Design — Project Header
**********************************************************
Author:                     Michael J Moore
Motto:                      Do Math not Magic. Show Your Work!
Years Active:               5
Accepting New Clients?:     True
Remote Workshops?:          True
Services:                   ['Data Analysis', 'Machine Learning', 'Business Intelligence']
Client Satisfaction Scores: [4.8, 4.6, 4.9, 5.0, 4.7]
Minimum Satisfaction Score: 4.6
Maximum Satisfaction Score: 5.0
Mean Satisfaction Score:    4.80
     Standard Deviation:    0.16
Location:                   Mexico, Missouri
Office Locations            ['Mexico', 'Moberly', 'Fulton', 'Columbia']
Number of Locations         16
**********************************************************

2025-08-30 15:30:12 | INFO | __main__:170 | Speech interrupted by user (Ctrl+C).
2025-08-30 15:30:12 | INFO | __main__:174 | This module is organized like all Python modules.
2025-08-30 15:30:12 | INFO | __main__:175 | We write professional Python from the start.
2025-08-30 15:30:12 | INFO | __main__:176 | END main()...
2025-08-30 15:30:34 | INFO | utils_michaeljmoore:47 | Logger loaded.
2025-08-30 15:30:34 | INFO | __main__:37 | Logger loaded.
2025-08-30 15:30:34.128 | INFO     | __main__:<module>:37 - Logger loaded.
2025-08-30 15:30:34 | INFO | __main__:197 | #####################################
2025-08-30 15:30:34.128 | INFO     | __main__:main:197 - #####################################
2025-08-30 15:30:34 | INFO | __main__:198 | # Starting execution of main()
2025-08-30 15:30:34.129 | INFO     | __main__:main:198 - # Starting execution of main()
2025-08-30 15:30:34 | INFO | __main__:199 | #####################################

2025-08-30 15:30:34.129 | INFO     | __main__:main:199 - #####################################

2025-08-30 15:30:34 | INFO | __main__:202 | Byline: 
**********************************************************
Moore CAD Design — Project Header
**********************************************************
Author:                     Michael J Moore
Motto:                      Do Math not Magic. Show Your Work!
Years Active:               5
Accepting New Clients?:     True
Remote Workshops?:          True
Services:                   ['Data Analysis', 'Machine Learning', 'Business Intelligence']
Client Satisfaction Scores: [4.8, 4.6, 4.9, 5.0, 4.7]
Minimum Satisfaction Score: 4.6
Maximum Satisfaction Score: 5.0
Mean Satisfaction Score:    4.80
     Standard Deviation:    0.16
Location:                   Mexico, Missouri
Office Locations            ['Mexico', 'Moberly', 'Fulton', 'Columbia']
Number of Locations         16
**********************************************************

2025-08-30 15:30:34.130 | INFO     | __main__:main:202 - Byline: 
**********************************************************
Moore CAD Design — Project Header
**********************************************************
Author:                     Michael J Moore
Motto:                      Do Math not Magic. Show Your Work!
Years Active:               5
Accepting New Clients?:     True
Remote Workshops?:          True
Services:                   ['Data Analysis', 'Machine Learning', 'Business Intelligence']
Client Satisfaction Scores: [4.8, 4.6, 4.9, 5.0, 4.7]
Minimum Satisfaction Score: 4.6
Maximum Satisfaction Score: 5.0
Mean Satisfaction Score:    4.80
     Standard Deviation:    0.16
Location:                   Mexico, Missouri
Office Locations            ['Mexico', 'Moberly', 'Fulton', 'Columbia']
Number of Locations         16
**********************************************************

2025-08-30 15:30:34 | INFO | __main__:73 | FUNCTION: create_folders_for_range()
2025-08-30 15:30:34.130 | INFO     | __main__:create_folders_for_range:73 - FUNCTION: create_folders_for_range()
2025-08-30 15:30:34 | INFO | __main__:74 | PARAMETERS: start_year = 2020, end_year = 2023
2025-08-30 15:30:34.131 | INFO     | __main__:create_folders_for_range:74 - PARAMETERS: start_year = 2020, end_year = 2023
2025-08-30 15:30:34 | INFO | __main__:105 | FUNCTION: create_folders_from_list()
2025-08-30 15:30:34.131 | INFO     | __main__:create_folders_from_list:105 - FUNCTION: create_folders_from_list()
2025-08-30 15:30:34 | INFO | __main__:106 | PARAMETER: folder_list = ['data-csv', 'data-excel', 'data-json']
2025-08-30 15:30:34.132 | INFO     | __main__:create_folders_from_list:106 - PARAMETER: folder_list = ['data-csv', 'data-excel', 'data-json']
2025-08-30 15:30:34 | INFO | __main__:134 | FUNCTION: create_prefixed_folders()
2025-08-30 15:30:34.132 | INFO     | __main__:create_prefixed_folders_using_list_comprehension:134 - FUNCTION: create_prefixed_folders()
2025-08-30 15:30:34 | INFO | __main__:135 | PARAMETERS: folder_list = ['csv', 'excel', 'json'], prefix = output-
2025-08-30 15:30:34.133 | INFO     | __main__:create_prefixed_folders_using_list_comprehension:135 - PARAMETERS: folder_list = ['csv', 'excel', 'json'], prefix = output-
2025-08-30 15:30:34 | INFO | __main__:157 | FUNCTION: create_folders_periodically()
2025-08-30 15:30:34.133 | INFO     | __main__:create_folders_periodically:157 - FUNCTION: create_folders_periodically()
2025-08-30 15:30:34 | INFO | __main__:158 | PARAMETER: duration_seconds = 5
2025-08-30 15:30:34.133 | INFO     | __main__:create_folders_periodically:158 - PARAMETER: duration_seconds = 5
2025-08-30 15:30:34 | INFO | __main__:185 | FUNCTION: create_standardized_folders()
2025-08-30 15:30:34.134 | INFO     | __main__:create_standardized_folders:185 - FUNCTION: create_standardized_folders()
2025-08-30 15:30:34 | INFO | __main__:186 | PARAMETERS: folder_list = ['North America', 'South America', 'Europe', 'Asia', 'Africa', 'Oceania', 'Middle East'], to_lowercase = True, remove_spaces = True
2025-08-30 15:30:34.134 | INFO     | __main__:create_standardized_folders:186 - PARAMETERS: folder_list = ['North America', 'South America', 'Europe', 'Asia', 'Africa', 'Oceania', 'Middle East'], to_lowercase = True, remove_spaces = True
2025-08-30 15:30:34 | INFO | __main__:223 | 
#####################################
2025-08-30 15:30:34.135 | INFO     | __main__:main:223 - 
#####################################
2025-08-30 15:30:34 | INFO | __main__:224 | # Completed execution of main()
2025-08-30 15:30:34.135 | INFO     | __main__:main:224 - # Completed execution of main()
2025-08-30 15:30:34 | INFO | __main__:225 | #####################################
2025-08-30 15:30:34.136 | INFO     | __main__:main:225 - #####################################
2025-08-30 16:03:46 | INFO | utils_michaeljmoore:47 | Logger loaded.
2025-08-30 16:03:46 | INFO | __main__:36 | Logger loaded.
2025-08-30 16:03:46.935 | INFO     | __main__:<module>:36 - Logger loaded.
2025-08-30 16:03:46 | INFO | __main__:201 | #####################################
2025-08-30 16:03:46.935 | INFO     | __main__:main:201 - #####################################
2025-08-30 16:03:46 | INFO | __main__:202 | # Starting execution of main()
2025-08-30 16:03:46.936 | INFO     | __main__:main:202 - # Starting execution of main()
2025-08-30 16:03:46 | INFO | __main__:203 | #####################################

2025-08-30 16:03:46.936 | INFO     | __main__:main:203 - #####################################

2025-08-30 16:03:46 | INFO | __main__:206 | Byline: 
**********************************************************
Moore CAD Design — Project Header
**********************************************************
Author:                     Michael J Moore
Motto:                      Do Math not Magic. Show Your Work!
Years Active:               5
Accepting New Clients?:     True
Remote Workshops?:          True
Services:                   ['Data Analysis', 'Machine Learning', 'Business Intelligence']
Client Satisfaction Scores: [4.8, 4.6, 4.9, 5.0, 4.7]
Minimum Satisfaction Score: 4.6
Maximum Satisfaction Score: 5.0
Mean Satisfaction Score:    4.80
     Standard Deviation:    0.16
Location:                   Mexico, Missouri
Office Locations            ['Mexico', 'Moberly', 'Fulton', 'Columbia']
Number of Locations         16
**********************************************************

2025-08-30 16:03:46.936 | INFO     | __main__:main:206 - Byline: 
**********************************************************
Moore CAD Design — Project Header
**********************************************************
Author:                     Michael J Moore
Motto:                      Do Math not Magic. Show Your Work!
Years Active:               5
Accepting New Clients?:     True
Remote Workshops?:          True
Services:                   ['Data Analysis', 'Machine Learning', 'Business Intelligence']
Client Satisfaction Scores: [4.8, 4.6, 4.9, 5.0, 4.7]
Minimum Satisfaction Score: 4.6
Maximum Satisfaction Score: 5.0
Mean Satisfaction Score:    4.80
     Standard Deviation:    0.16
Location:                   Mexico, Missouri
Office Locations            ['Mexico', 'Moberly', 'Fulton', 'Columbia']
Number of Locations         16
**********************************************************

2025-08-30 16:03:46 | INFO | __main__:72 | Created folder: C:\Repos\datafun-02-automation\2020
2025-08-30 16:03:46.938 | INFO     | __main__:create_folders_for_range:72 - Created folder: C:\Repos\datafun-02-automation\2020
2025-08-30 16:03:46 | INFO | __main__:74 | Created folder: C:\Repos\datafun-02-automation\2020
2025-08-30 16:03:46.939 | INFO     | __main__:create_folders_for_range:74 - Created folder: C:\Repos\datafun-02-automation\2020
2025-08-30 16:03:46 | INFO | __main__:72 | Created folder: C:\Repos\datafun-02-automation\2021
2025-08-30 16:03:46.940 | INFO     | __main__:create_folders_for_range:72 - Created folder: C:\Repos\datafun-02-automation\2021
2025-08-30 16:03:46 | INFO | __main__:74 | Created folder: C:\Repos\datafun-02-automation\2021
2025-08-30 16:03:46.941 | INFO     | __main__:create_folders_for_range:74 - Created folder: C:\Repos\datafun-02-automation\2021
2025-08-30 16:03:46 | INFO | __main__:72 | Created folder: C:\Repos\datafun-02-automation\2022
2025-08-30 16:03:46.941 | INFO     | __main__:create_folders_for_range:72 - Created folder: C:\Repos\datafun-02-automation\2022
2025-08-30 16:03:46 | INFO | __main__:74 | Created folder: C:\Repos\datafun-02-automation\2022
2025-08-30 16:03:46.942 | INFO     | __main__:create_folders_for_range:74 - Created folder: C:\Repos\datafun-02-automation\2022
2025-08-30 16:03:46 | INFO | __main__:72 | Created folder: C:\Repos\datafun-02-automation\2023
2025-08-30 16:03:46.943 | INFO     | __main__:create_folders_for_range:72 - Created folder: C:\Repos\datafun-02-automation\2023
2025-08-30 16:03:46 | INFO | __main__:74 | Created folder: C:\Repos\datafun-02-automation\2023
2025-08-30 16:03:46.944 | INFO     | __main__:create_folders_for_range:74 - Created folder: C:\Repos\datafun-02-automation\2023
2025-08-30 16:03:46 | INFO | __main__:77 | FUNCTION: create_folders_for_range()
2025-08-30 16:03:46.944 | INFO     | __main__:create_folders_for_range:77 - FUNCTION: create_folders_for_range()
2025-08-30 16:03:46 | INFO | __main__:78 | PARAMETERS: start_year = 2020, end_year = 2023
2025-08-30 16:03:46.945 | INFO     | __main__:create_folders_for_range:78 - PARAMETERS: start_year = 2020, end_year = 2023
2025-08-30 16:03:46 | INFO | __main__:109 | FUNCTION: create_folders_from_list()
2025-08-30 16:03:46.945 | INFO     | __main__:create_folders_from_list:109 - FUNCTION: create_folders_from_list()
2025-08-30 16:03:46 | INFO | __main__:110 | PARAMETER: folder_list = ['data-csv', 'data-excel', 'data-json']
2025-08-30 16:03:46.946 | INFO     | __main__:create_folders_from_list:110 - PARAMETER: folder_list = ['data-csv', 'data-excel', 'data-json']
2025-08-30 16:03:46 | INFO | __main__:138 | FUNCTION: create_prefixed_folders()
2025-08-30 16:03:46.946 | INFO     | __main__:create_prefixed_folders_using_list_comprehension:138 - FUNCTION: create_prefixed_folders()
2025-08-30 16:03:46 | INFO | __main__:139 | PARAMETERS: folder_list = ['csv', 'excel', 'json'], prefix = output-
2025-08-30 16:03:46.947 | INFO     | __main__:create_prefixed_folders_using_list_comprehension:139 - PARAMETERS: folder_list = ['csv', 'excel', 'json'], prefix = output-
2025-08-30 16:03:46 | INFO | __main__:161 | FUNCTION: create_folders_periodically()
2025-08-30 16:03:46.948 | INFO     | __main__:create_folders_periodically:161 - FUNCTION: create_folders_periodically()
2025-08-30 16:03:46 | INFO | __main__:162 | PARAMETER: duration_seconds = 5
2025-08-30 16:03:46.948 | INFO     | __main__:create_folders_periodically:162 - PARAMETER: duration_seconds = 5
2025-08-30 16:03:46 | INFO | __main__:189 | FUNCTION: create_standardized_folders()
2025-08-30 16:03:46.948 | INFO     | __main__:create_standardized_folders:189 - FUNCTION: create_standardized_folders()
2025-08-30 16:03:46 | INFO | __main__:190 | PARAMETERS: folder_list = ['North America', 'South America', 'Europe', 'Asia', 'Africa', 'Oceania', 'Middle East'], to_lowercase = True, remove_spaces = True
2025-08-30 16:03:46.949 | INFO     | __main__:create_standardized_folders:190 - PARAMETERS: folder_list = ['North America', 'South America', 'Europe', 'Asia', 'Africa', 'Oceania', 'Middle East'], to_lowercase = True, remove_spaces = True
2025-08-30 16:03:46 | INFO | __main__:227 | 
#####################################
2025-08-30 16:03:46.949 | INFO     | __main__:main:227 - 
#####################################
2025-08-30 16:03:46 | INFO | __main__:228 | # Completed execution of main()
2025-08-30 16:03:46.950 | INFO     | __main__:main:228 - # Completed execution of main()
2025-08-30 16:03:46 | INFO | __main__:229 | #####################################
2025-08-30 16:03:46.950 | INFO     | __main__:main:229 - #####################################
2025-08-30 16:13:19 | INFO | utils_michaeljmoore:47 | Logger loaded.
2025-08-30 16:13:19 | INFO | __main__:36 | Logger loaded.
2025-08-30 16:13:19.223 | INFO     | __main__:<module>:36 - Logger loaded.
2025-08-30 16:13:19 | INFO | __main__:206 | #####################################
2025-08-30 16:13:19.223 | INFO     | __main__:main:206 - #####################################
2025-08-30 16:13:19 | INFO | __main__:207 | # Starting execution of main()
2025-08-30 16:13:19.224 | INFO     | __main__:main:207 - # Starting execution of main()
2025-08-30 16:13:19 | INFO | __main__:208 | #####################################

2025-08-30 16:13:19.224 | INFO     | __main__:main:208 - #####################################

2025-08-30 16:13:19 | INFO | __main__:211 | Byline: 
**********************************************************
Moore CAD Design — Project Header
**********************************************************
Author:                     Michael J Moore
Motto:                      Do Math not Magic. Show Your Work!
Years Active:               5
Accepting New Clients?:     True
Remote Workshops?:          True
Services:                   ['Data Analysis', 'Machine Learning', 'Business Intelligence']
Client Satisfaction Scores: [4.8, 4.6, 4.9, 5.0, 4.7]
Minimum Satisfaction Score: 4.6
Maximum Satisfaction Score: 5.0
Mean Satisfaction Score:    4.80
     Standard Deviation:    0.16
Location:                   Mexico, Missouri
Office Locations            ['Mexico', 'Moberly', 'Fulton', 'Columbia']
Number of Locations         16
**********************************************************

2025-08-30 16:13:19.224 | INFO     | __main__:main:211 - Byline: 
**********************************************************
Moore CAD Design — Project Header
**********************************************************
Author:                     Michael J Moore
Motto:                      Do Math not Magic. Show Your Work!
Years Active:               5
Accepting New Clients?:     True
Remote Workshops?:          True
Services:                   ['Data Analysis', 'Machine Learning', 'Business Intelligence']
Client Satisfaction Scores: [4.8, 4.6, 4.9, 5.0, 4.7]
Minimum Satisfaction Score: 4.6
Maximum Satisfaction Score: 5.0
Mean Satisfaction Score:    4.80
     Standard Deviation:    0.16
Location:                   Mexico, Missouri
Office Locations            ['Mexico', 'Moberly', 'Fulton', 'Columbia']
Number of Locations         16
**********************************************************

2025-08-30 16:13:19 | INFO | __main__:72 | Created folder: C:\Repos\datafun-02-automation\2020
2025-08-30 16:13:19.225 | INFO     | __main__:create_folders_for_range:72 - Created folder: C:\Repos\datafun-02-automation\2020
2025-08-30 16:13:19 | INFO | __main__:74 | Created folder: C:\Repos\datafun-02-automation\2020
2025-08-30 16:13:19.226 | INFO     | __main__:create_folders_for_range:74 - Created folder: C:\Repos\datafun-02-automation\2020
2025-08-30 16:13:19 | INFO | __main__:72 | Created folder: C:\Repos\datafun-02-automation\2021
2025-08-30 16:13:19.227 | INFO     | __main__:create_folders_for_range:72 - Created folder: C:\Repos\datafun-02-automation\2021
2025-08-30 16:13:19 | INFO | __main__:74 | Created folder: C:\Repos\datafun-02-automation\2021
2025-08-30 16:13:19.228 | INFO     | __main__:create_folders_for_range:74 - Created folder: C:\Repos\datafun-02-automation\2021
2025-08-30 16:13:19 | INFO | __main__:72 | Created folder: C:\Repos\datafun-02-automation\2022
2025-08-30 16:13:19.228 | INFO     | __main__:create_folders_for_range:72 - Created folder: C:\Repos\datafun-02-automation\2022
2025-08-30 16:13:19 | INFO | __main__:74 | Created folder: C:\Repos\datafun-02-automation\2022
2025-08-30 16:13:19.229 | INFO     | __main__:create_folders_for_range:74 - Created folder: C:\Repos\datafun-02-automation\2022
2025-08-30 16:13:19 | INFO | __main__:72 | Created folder: C:\Repos\datafun-02-automation\2023
2025-08-30 16:13:19.232 | INFO     | __main__:create_folders_for_range:72 - Created folder: C:\Repos\datafun-02-automation\2023
2025-08-30 16:13:19 | INFO | __main__:74 | Created folder: C:\Repos\datafun-02-automation\2023
2025-08-30 16:13:19.233 | INFO     | __main__:create_folders_for_range:74 - Created folder: C:\Repos\datafun-02-automation\2023
2025-08-30 16:13:19 | INFO | __main__:77 | FUNCTION: create_folders_for_range()
2025-08-30 16:13:19.234 | INFO     | __main__:create_folders_for_range:77 - FUNCTION: create_folders_for_range()
2025-08-30 16:13:19 | INFO | __main__:78 | PARAMETERS: start_year = 2020, end_year = 2023
2025-08-30 16:13:19.234 | INFO     | __main__:create_folders_for_range:78 - PARAMETERS: start_year = 2020, end_year = 2023
2025-08-30 16:23:19 | INFO | utils_michaeljmoore:47 | Logger loaded.
2025-08-30 16:23:19 | INFO | __main__:36 | Logger loaded.
2025-08-30 16:23:19.686 | INFO     | __main__:<module>:36 - Logger loaded.
2025-08-30 16:23:19 | INFO | __main__:205 | #####################################
2025-08-30 16:23:19.687 | INFO     | __main__:main:205 - #####################################
2025-08-30 16:23:19 | INFO | __main__:206 | # Starting execution of main()
2025-08-30 16:23:19.687 | INFO     | __main__:main:206 - # Starting execution of main()
2025-08-30 16:23:19 | INFO | __main__:207 | #####################################

2025-08-30 16:23:19.688 | INFO     | __main__:main:207 - #####################################

2025-08-30 16:23:19 | INFO | __main__:210 | Byline: 
**********************************************************
Moore CAD Design — Project Header
**********************************************************
Author:                     Michael J Moore
Motto:                      Do Math not Magic. Show Your Work!
Years Active:               5
Accepting New Clients?:     True
Remote Workshops?:          True
Services:                   ['Data Analysis', 'Machine Learning', 'Business Intelligence']
Client Satisfaction Scores: [4.8, 4.6, 4.9, 5.0, 4.7]
Minimum Satisfaction Score: 4.6
Maximum Satisfaction Score: 5.0
Mean Satisfaction Score:    4.80
     Standard Deviation:    0.16
Location:                   Mexico, Missouri
Office Locations            ['Mexico', 'Moberly', 'Fulton', 'Columbia']
Number of Locations         16
**********************************************************

2025-08-30 16:23:19.688 | INFO     | __main__:main:210 - Byline: 
**********************************************************
Moore CAD Design — Project Header
**********************************************************
Author:                     Michael J Moore
Motto:                      Do Math not Magic. Show Your Work!
Years Active:               5
Accepting New Clients?:     True
Remote Workshops?:          True
Services:                   ['Data Analysis', 'Machine Learning', 'Business Intelligence']
Client Satisfaction Scores: [4.8, 4.6, 4.9, 5.0, 4.7]
Minimum Satisfaction Score: 4.6
Maximum Satisfaction Score: 5.0
Mean Satisfaction Score:    4.80
     Standard Deviation:    0.16
Location:                   Mexico, Missouri
Office Locations            ['Mexico', 'Moberly', 'Fulton', 'Columbia']
Number of Locations         16
**********************************************************

2025-08-30 16:23:19 | INFO | __main__:72 | Created folder: C:\Repos\datafun-02-automation\2020
2025-08-30 16:23:19.689 | INFO     | __main__:create_folders_for_range:72 - Created folder: C:\Repos\datafun-02-automation\2020
2025-08-30 16:23:19 | INFO | __main__:72 | Created folder: C:\Repos\datafun-02-automation\2021
2025-08-30 16:23:19.690 | INFO     | __main__:create_folders_for_range:72 - Created folder: C:\Repos\datafun-02-automation\2021
2025-08-30 16:23:19 | INFO | __main__:72 | Created folder: C:\Repos\datafun-02-automation\2022
2025-08-30 16:23:19.691 | INFO     | __main__:create_folders_for_range:72 - Created folder: C:\Repos\datafun-02-automation\2022
2025-08-30 16:23:19 | INFO | __main__:72 | Created folder: C:\Repos\datafun-02-automation\2023
2025-08-30 16:23:19.692 | INFO     | __main__:create_folders_for_range:72 - Created folder: C:\Repos\datafun-02-automation\2023
2025-08-30 16:23:19 | INFO | __main__:77 | FUNCTION: create_folders_for_range()
2025-08-30 16:23:19.692 | INFO     | __main__:create_folders_for_range:77 - FUNCTION: create_folders_for_range()
2025-08-30 16:23:19 | INFO | __main__:78 | PARAMETERS: start_year = 2020, end_year = 2023
2025-08-30 16:23:19.693 | INFO     | __main__:create_folders_for_range:78 - PARAMETERS: start_year = 2020, end_year = 2023
2025-08-30 16:23:19 | INFO | __main__:111 | Created folder: C:\Repos\datafun-02-automation\data-csv
2025-08-30 16:23:19.694 | INFO     | __main__:create_folders_from_list:111 - Created folder: C:\Repos\datafun-02-automation\data-csv
2025-08-30 16:23:19 | INFO | __main__:111 | Created folder: C:\Repos\datafun-02-automation\data-excel
2025-08-30 16:23:19.695 | INFO     | __main__:create_folders_from_list:111 - Created folder: C:\Repos\datafun-02-automation\data-excel
2025-08-30 16:23:19 | INFO | __main__:111 | Created folder: C:\Repos\datafun-02-automation\data-json
2025-08-30 16:23:19.696 | INFO     | __main__:create_folders_from_list:111 - Created folder: C:\Repos\datafun-02-automation\data-json
2025-08-30 16:23:19 | INFO | __main__:113 | FUNCTION: create_folders_from_list()
2025-08-30 16:23:19.696 | INFO     | __main__:create_folders_from_list:113 - FUNCTION: create_folders_from_list()
2025-08-30 16:23:19 | INFO | __main__:114 | PARAMETER: folder_list = ['data-csv', 'data-excel', 'data-json']
2025-08-30 16:23:19.696 | INFO     | __main__:create_folders_from_list:114 - PARAMETER: folder_list = ['data-csv', 'data-excel', 'data-json']
2025-08-30 16:23:19 | INFO | __main__:142 | FUNCTION: create_prefixed_folders()
2025-08-30 16:23:19.697 | INFO     | __main__:create_prefixed_folders_using_list_comprehension:142 - FUNCTION: create_prefixed_folders()
2025-08-30 16:23:19 | INFO | __main__:143 | PARAMETERS: folder_list = ['csv', 'excel', 'json'], prefix = output-
2025-08-30 16:23:19.697 | INFO     | __main__:create_prefixed_folders_using_list_comprehension:143 - PARAMETERS: folder_list = ['csv', 'excel', 'json'], prefix = output-
2025-08-30 16:23:19 | INFO | __main__:165 | FUNCTION: create_folders_periodically()
2025-08-30 16:23:19.697 | INFO     | __main__:create_folders_periodically:165 - FUNCTION: create_folders_periodically()
2025-08-30 16:23:19 | INFO | __main__:166 | PARAMETER: duration_seconds = 5
2025-08-30 16:23:19.698 | INFO     | __main__:create_folders_periodically:166 - PARAMETER: duration_seconds = 5
2025-08-30 16:23:19 | INFO | __main__:193 | FUNCTION: create_standardized_folders()
2025-08-30 16:23:19.698 | INFO     | __main__:create_standardized_folders:193 - FUNCTION: create_standardized_folders()
2025-08-30 16:23:19 | INFO | __main__:194 | PARAMETERS: folder_list = ['North America', 'South America', 'Europe', 'Asia', 'Africa', 'Oceania', 'Middle East'], to_lowercase = True, remove_spaces = True
2025-08-30 16:23:19.698 | INFO     | __main__:create_standardized_folders:194 - PARAMETERS: folder_list = ['North America', 'South America', 'Europe', 'Asia', 'Africa', 'Oceania', 'Middle East'], to_lowercase = True, remove_spaces = True
2025-08-30 16:23:19 | INFO | __main__:231 | 
#####################################
2025-08-30 16:23:19.698 | INFO     | __main__:main:231 - 
#####################################
2025-08-30 16:23:19 | INFO | __main__:232 | # Completed execution of main()
2025-08-30 16:23:19.699 | INFO     | __main__:main:232 - # Completed execution of main()
2025-08-30 16:23:19 | INFO | __main__:233 | #####################################
2025-08-30 16:23:19.699 | INFO     | __main__:main:233 - #####################################
2025-08-30 16:26:55 | INFO | utils_michaeljmoore:47 | Logger loaded.
2025-08-30 16:26:55 | INFO | __main__:36 | Logger loaded.
2025-08-30 16:26:55.085 | INFO     | __main__:<module>:36 - Logger loaded.
2025-08-30 16:26:55 | INFO | __main__:209 | #####################################
2025-08-30 16:26:55.086 | INFO     | __main__:main:209 - #####################################
2025-08-30 16:26:55 | INFO | __main__:210 | # Starting execution of main()
2025-08-30 16:26:55.086 | INFO     | __main__:main:210 - # Starting execution of main()
2025-08-30 16:26:55 | INFO | __main__:211 | #####################################

2025-08-30 16:26:55.086 | INFO     | __main__:main:211 - #####################################

2025-08-30 16:26:55 | INFO | __main__:214 | Byline: 
**********************************************************
Moore CAD Design — Project Header
**********************************************************
Author:                     Michael J Moore
Motto:                      Do Math not Magic. Show Your Work!
Years Active:               5
Accepting New Clients?:     True
Remote Workshops?:          True
Services:                   ['Data Analysis', 'Machine Learning', 'Business Intelligence']
Client Satisfaction Scores: [4.8, 4.6, 4.9, 5.0, 4.7]
Minimum Satisfaction Score: 4.6
Maximum Satisfaction Score: 5.0
Mean Satisfaction Score:    4.80
     Standard Deviation:    0.16
Location:                   Mexico, Missouri
Office Locations            ['Mexico', 'Moberly', 'Fulton', 'Columbia']
Number of Locations         16
**********************************************************

2025-08-30 16:26:55.087 | INFO     | __main__:main:214 - Byline: 
**********************************************************
Moore CAD Design — Project Header
**********************************************************
Author:                     Michael J Moore
Motto:                      Do Math not Magic. Show Your Work!
Years Active:               5
Accepting New Clients?:     True
Remote Workshops?:          True
Services:                   ['Data Analysis', 'Machine Learning', 'Business Intelligence']
Client Satisfaction Scores: [4.8, 4.6, 4.9, 5.0, 4.7]
Minimum Satisfaction Score: 4.6
Maximum Satisfaction Score: 5.0
Mean Satisfaction Score:    4.80
     Standard Deviation:    0.16
Location:                   Mexico, Missouri
Office Locations            ['Mexico', 'Moberly', 'Fulton', 'Columbia']
Number of Locations         16
**********************************************************

2025-08-30 16:26:55 | INFO | __main__:72 | Created folder: C:\Repos\datafun-02-automation\2020
2025-08-30 16:26:55.088 | INFO     | __main__:create_folders_for_range:72 - Created folder: C:\Repos\datafun-02-automation\2020
2025-08-30 16:26:55 | INFO | __main__:72 | Created folder: C:\Repos\datafun-02-automation\2021
2025-08-30 16:26:55.089 | INFO     | __main__:create_folders_for_range:72 - Created folder: C:\Repos\datafun-02-automation\2021
2025-08-30 16:26:55 | INFO | __main__:72 | Created folder: C:\Repos\datafun-02-automation\2022
2025-08-30 16:26:55.090 | INFO     | __main__:create_folders_for_range:72 - Created folder: C:\Repos\datafun-02-automation\2022
2025-08-30 16:26:55 | INFO | __main__:72 | Created folder: C:\Repos\datafun-02-automation\2023
2025-08-30 16:26:55.091 | INFO     | __main__:create_folders_for_range:72 - Created folder: C:\Repos\datafun-02-automation\2023
2025-08-30 16:26:55 | INFO | __main__:77 | FUNCTION: create_folders_for_range()
2025-08-30 16:26:55.092 | INFO     | __main__:create_folders_for_range:77 - FUNCTION: create_folders_for_range()
2025-08-30 16:26:55 | INFO | __main__:78 | PARAMETERS: start_year = 2020, end_year = 2023
2025-08-30 16:26:55.093 | INFO     | __main__:create_folders_for_range:78 - PARAMETERS: start_year = 2020, end_year = 2023
2025-08-30 16:26:55 | INFO | __main__:111 | Created folder: C:\Repos\datafun-02-automation\data-csv
2025-08-30 16:26:55.094 | INFO     | __main__:create_folders_from_list:111 - Created folder: C:\Repos\datafun-02-automation\data-csv
2025-08-30 16:26:55 | INFO | __main__:111 | Created folder: C:\Repos\datafun-02-automation\data-excel
2025-08-30 16:26:55.095 | INFO     | __main__:create_folders_from_list:111 - Created folder: C:\Repos\datafun-02-automation\data-excel
2025-08-30 16:26:55 | INFO | __main__:111 | Created folder: C:\Repos\datafun-02-automation\data-json
2025-08-30 16:26:55.095 | INFO     | __main__:create_folders_from_list:111 - Created folder: C:\Repos\datafun-02-automation\data-json
2025-08-30 16:26:55 | INFO | __main__:113 | FUNCTION: create_folders_from_list()
2025-08-30 16:26:55.096 | INFO     | __main__:create_folders_from_list:113 - FUNCTION: create_folders_from_list()
2025-08-30 16:26:55 | INFO | __main__:114 | PARAMETER: folder_list = ['data-csv', 'data-excel', 'data-json']
2025-08-30 16:26:55.096 | INFO     | __main__:create_folders_from_list:114 - PARAMETER: folder_list = ['data-csv', 'data-excel', 'data-json']
2025-08-30 16:27:44 | INFO | utils_michaeljmoore:47 | Logger loaded.
2025-08-30 16:27:44 | INFO | __main__:36 | Logger loaded.
2025-08-30 16:27:44.463 | INFO     | __main__:<module>:36 - Logger loaded.
2025-08-30 16:27:44 | INFO | __main__:209 | #####################################
2025-08-30 16:27:44.464 | INFO     | __main__:main:209 - #####################################
2025-08-30 16:27:44 | INFO | __main__:210 | # Starting execution of main()
2025-08-30 16:27:44.464 | INFO     | __main__:main:210 - # Starting execution of main()
2025-08-30 16:27:44 | INFO | __main__:211 | #####################################

2025-08-30 16:27:44.465 | INFO     | __main__:main:211 - #####################################

2025-08-30 16:27:44 | INFO | __main__:214 | Byline: 
**********************************************************
Moore CAD Design — Project Header
**********************************************************
Author:                     Michael J Moore
Motto:                      Do Math not Magic. Show Your Work!
Years Active:               5
Accepting New Clients?:     True
Remote Workshops?:          True
Services:                   ['Data Analysis', 'Machine Learning', 'Business Intelligence']
Client Satisfaction Scores: [4.8, 4.6, 4.9, 5.0, 4.7]
Minimum Satisfaction Score: 4.6
Maximum Satisfaction Score: 5.0
Mean Satisfaction Score:    4.80
     Standard Deviation:    0.16
Location:                   Mexico, Missouri
Office Locations            ['Mexico', 'Moberly', 'Fulton', 'Columbia']
Number of Locations         16
**********************************************************

2025-08-30 16:27:44.465 | INFO     | __main__:main:214 - Byline: 
**********************************************************
Moore CAD Design — Project Header
**********************************************************
Author:                     Michael J Moore
Motto:                      Do Math not Magic. Show Your Work!
Years Active:               5
Accepting New Clients?:     True
Remote Workshops?:          True
Services:                   ['Data Analysis', 'Machine Learning', 'Business Intelligence']
Client Satisfaction Scores: [4.8, 4.6, 4.9, 5.0, 4.7]
Minimum Satisfaction Score: 4.6
Maximum Satisfaction Score: 5.0
Mean Satisfaction Score:    4.80
     Standard Deviation:    0.16
Location:                   Mexico, Missouri
Office Locations            ['Mexico', 'Moberly', 'Fulton', 'Columbia']
Number of Locations         16
**********************************************************

2025-08-30 16:27:44 | INFO | __main__:72 | Created folder: C:\Repos\datafun-02-automation\2020
2025-08-30 16:27:44.466 | INFO     | __main__:create_folders_for_range:72 - Created folder: C:\Repos\datafun-02-automation\2020
2025-08-30 16:27:44 | INFO | __main__:72 | Created folder: C:\Repos\datafun-02-automation\2021
2025-08-30 16:27:44.467 | INFO     | __main__:create_folders_for_range:72 - Created folder: C:\Repos\datafun-02-automation\2021
2025-08-30 16:27:44 | INFO | __main__:72 | Created folder: C:\Repos\datafun-02-automation\2022
2025-08-30 16:27:44.468 | INFO     | __main__:create_folders_for_range:72 - Created folder: C:\Repos\datafun-02-automation\2022
2025-08-30 16:27:44 | INFO | __main__:72 | Created folder: C:\Repos\datafun-02-automation\2023
2025-08-30 16:27:44.468 | INFO     | __main__:create_folders_for_range:72 - Created folder: C:\Repos\datafun-02-automation\2023
2025-08-30 16:27:44 | INFO | __main__:77 | FUNCTION: create_folders_for_range()
2025-08-30 16:27:44.469 | INFO     | __main__:create_folders_for_range:77 - FUNCTION: create_folders_for_range()
2025-08-30 16:27:44 | INFO | __main__:78 | PARAMETERS: start_year = 2020, end_year = 2023
2025-08-30 16:27:44.470 | INFO     | __main__:create_folders_for_range:78 - PARAMETERS: start_year = 2020, end_year = 2023
2025-08-30 16:27:44 | INFO | __main__:111 | Created folder: C:\Repos\datafun-02-automation\data-csv
2025-08-30 16:27:44.471 | INFO     | __main__:create_folders_from_list:111 - Created folder: C:\Repos\datafun-02-automation\data-csv
2025-08-30 16:27:44 | INFO | __main__:111 | Created folder: C:\Repos\datafun-02-automation\data-excel
2025-08-30 16:27:44.472 | INFO     | __main__:create_folders_from_list:111 - Created folder: C:\Repos\datafun-02-automation\data-excel
2025-08-30 16:27:44 | INFO | __main__:111 | Created folder: C:\Repos\datafun-02-automation\data-json
2025-08-30 16:27:44.472 | INFO     | __main__:create_folders_from_list:111 - Created folder: C:\Repos\datafun-02-automation\data-json
2025-08-30 16:27:44 | INFO | __main__:113 | FUNCTION: create_folders_from_list()
2025-08-30 16:27:44.473 | INFO     | __main__:create_folders_from_list:113 - FUNCTION: create_folders_from_list()
2025-08-30 16:27:44 | INFO | __main__:114 | PARAMETER: folder_list = ['data-csv', 'data-excel', 'data-json']
2025-08-30 16:27:44.473 | INFO     | __main__:create_folders_from_list:114 - PARAMETER: folder_list = ['data-csv', 'data-excel', 'data-json']
2025-08-30 16:28:43 | INFO | utils_michaeljmoore:47 | Logger loaded.
2025-08-30 16:28:43 | INFO | __main__:36 | Logger loaded.
2025-08-30 16:28:43.116 | INFO     | __main__:<module>:36 - Logger loaded.
2025-08-30 16:28:43 | INFO | __main__:209 | #####################################
2025-08-30 16:28:43.117 | INFO     | __main__:main:209 - #####################################
2025-08-30 16:28:43 | INFO | __main__:210 | # Starting execution of main()
2025-08-30 16:28:43.117 | INFO     | __main__:main:210 - # Starting execution of main()
2025-08-30 16:28:43 | INFO | __main__:211 | #####################################

2025-08-30 16:28:43.118 | INFO     | __main__:main:211 - #####################################

2025-08-30 16:28:43 | INFO | __main__:214 | Byline: 
**********************************************************
Moore CAD Design — Project Header
**********************************************************
Author:                     Michael J Moore
Motto:                      Do Math not Magic. Show Your Work!
Years Active:               5
Accepting New Clients?:     True
Remote Workshops?:          True
Services:                   ['Data Analysis', 'Machine Learning', 'Business Intelligence']
Client Satisfaction Scores: [4.8, 4.6, 4.9, 5.0, 4.7]
Minimum Satisfaction Score: 4.6
Maximum Satisfaction Score: 5.0
Mean Satisfaction Score:    4.80
     Standard Deviation:    0.16
Location:                   Mexico, Missouri
Office Locations            ['Mexico', 'Moberly', 'Fulton', 'Columbia']
Number of Locations         16
**********************************************************

2025-08-30 16:28:43.118 | INFO     | __main__:main:214 - Byline: 
**********************************************************
Moore CAD Design — Project Header
**********************************************************
Author:                     Michael J Moore
Motto:                      Do Math not Magic. Show Your Work!
Years Active:               5
Accepting New Clients?:     True
Remote Workshops?:          True
Services:                   ['Data Analysis', 'Machine Learning', 'Business Intelligence']
Client Satisfaction Scores: [4.8, 4.6, 4.9, 5.0, 4.7]
Minimum Satisfaction Score: 4.6
Maximum Satisfaction Score: 5.0
Mean Satisfaction Score:    4.80
     Standard Deviation:    0.16
Location:                   Mexico, Missouri
Office Locations            ['Mexico', 'Moberly', 'Fulton', 'Columbia']
Number of Locations         16
**********************************************************

2025-08-30 16:28:43 | INFO | __main__:72 | Created folder: C:\Repos\datafun-02-automation\2020
2025-08-30 16:28:43.119 | INFO     | __main__:create_folders_for_range:72 - Created folder: C:\Repos\datafun-02-automation\2020
2025-08-30 16:28:43 | INFO | __main__:72 | Created folder: C:\Repos\datafun-02-automation\2021
2025-08-30 16:28:43.120 | INFO     | __main__:create_folders_for_range:72 - Created folder: C:\Repos\datafun-02-automation\2021
2025-08-30 16:28:43 | INFO | __main__:72 | Created folder: C:\Repos\datafun-02-automation\2022
2025-08-30 16:28:43.121 | INFO     | __main__:create_folders_for_range:72 - Created folder: C:\Repos\datafun-02-automation\2022
2025-08-30 16:28:43 | INFO | __main__:72 | Created folder: C:\Repos\datafun-02-automation\2023
2025-08-30 16:28:43.122 | INFO     | __main__:create_folders_for_range:72 - Created folder: C:\Repos\datafun-02-automation\2023
2025-08-30 16:28:43 | INFO | __main__:77 | FUNCTION: create_folders_for_range()
2025-08-30 16:28:43.122 | INFO     | __main__:create_folders_for_range:77 - FUNCTION: create_folders_for_range()
2025-08-30 16:28:43 | INFO | __main__:78 | PARAMETERS: start_year = 2020, end_year = 2023
2025-08-30 16:28:43.123 | INFO     | __main__:create_folders_for_range:78 - PARAMETERS: start_year = 2020, end_year = 2023
2025-08-30 16:28:43 | INFO | __main__:111 | Created folder: C:\Repos\datafun-02-automation\data-csv
2025-08-30 16:28:43.124 | INFO     | __main__:create_folders_from_list:111 - Created folder: C:\Repos\datafun-02-automation\data-csv
2025-08-30 16:28:43 | INFO | __main__:111 | Created folder: C:\Repos\datafun-02-automation\data-excel
2025-08-30 16:28:43.124 | INFO     | __main__:create_folders_from_list:111 - Created folder: C:\Repos\datafun-02-automation\data-excel
2025-08-30 16:28:43 | INFO | __main__:111 | Created folder: C:\Repos\datafun-02-automation\data-json
2025-08-30 16:28:43.125 | INFO     | __main__:create_folders_from_list:111 - Created folder: C:\Repos\datafun-02-automation\data-json
2025-08-30 16:28:43 | INFO | __main__:113 | FUNCTION: create_folders_from_list()
2025-08-30 16:28:43.125 | INFO     | __main__:create_folders_from_list:113 - FUNCTION: create_folders_from_list()
2025-08-30 16:28:43 | INFO | __main__:114 | PARAMETER: folder_list = ['data-csv', 'data-excel', 'data-json']
2025-08-30 16:28:43.126 | INFO     | __main__:create_folders_from_list:114 - PARAMETER: folder_list = ['data-csv', 'data-excel', 'data-json']
2025-08-30 16:28:43 | INFO | __main__:144 | Created folder: C:\Repos\datafun-02-automation\output-csv
2025-08-30 16:28:43.127 | INFO     | __main__:create_prefixed_folders_using_list_comprehension:144 - Created folder: C:\Repos\datafun-02-automation\output-csv
2025-08-30 16:28:43 | INFO | __main__:144 | Created folder: C:\Repos\datafun-02-automation\output-excel
2025-08-30 16:28:43.128 | INFO     | __main__:create_prefixed_folders_using_list_comprehension:144 - Created folder: C:\Repos\datafun-02-automation\output-excel
2025-08-30 16:28:43 | INFO | __main__:144 | Created folder: C:\Repos\datafun-02-automation\output-json
2025-08-30 16:28:43.129 | INFO     | __main__:create_prefixed_folders_using_list_comprehension:144 - Created folder: C:\Repos\datafun-02-automation\output-json
2025-08-30 16:28:43 | INFO | __main__:146 | FUNCTION: create_prefixed_folders()
2025-08-30 16:28:43.130 | INFO     | __main__:create_prefixed_folders_using_list_comprehension:146 - FUNCTION: create_prefixed_folders()
2025-08-30 16:28:43 | INFO | __main__:147 | PARAMETERS: folder_list = ['csv', 'excel', 'json'], prefix = output-
2025-08-30 16:28:43.130 | INFO     | __main__:create_prefixed_folders_using_list_comprehension:147 - PARAMETERS: folder_list = ['csv', 'excel', 'json'], prefix = output-
2025-08-30 16:28:43 | INFO | __main__:169 | FUNCTION: create_folders_periodically()
2025-08-30 16:28:43.131 | INFO     | __main__:create_folders_periodically:169 - FUNCTION: create_folders_periodically()
2025-08-30 16:28:43 | INFO | __main__:170 | PARAMETER: duration_seconds = 5
2025-08-30 16:28:43.132 | INFO     | __main__:create_folders_periodically:170 - PARAMETER: duration_seconds = 5
2025-08-30 16:28:43 | INFO | __main__:197 | FUNCTION: create_standardized_folders()
2025-08-30 16:28:43.132 | INFO     | __main__:create_standardized_folders:197 - FUNCTION: create_standardized_folders()
2025-08-30 16:28:43 | INFO | __main__:198 | PARAMETERS: folder_list = ['North America', 'South America', 'Europe', 'Asia', 'Africa', 'Oceania', 'Middle East'], to_lowercase = True, remove_spaces = True
2025-08-30 16:28:43.132 | INFO     | __main__:create_standardized_folders:198 - PARAMETERS: folder_list = ['North America', 'South America', 'Europe', 'Asia', 'Africa', 'Oceania', 'Middle East'], to_lowercase = True, remove_spaces = True
2025-08-30 16:28:43 | INFO | __main__:235 | 
#####################################
2025-08-30 16:28:43.133 | INFO     | __main__:main:235 - 
#####################################
2025-08-30 16:28:43 | INFO | __main__:236 | # Completed execution of main()
2025-08-30 16:28:43.133 | INFO     | __main__:main:236 - # Completed execution of main()
2025-08-30 16:28:43 | INFO | __main__:237 | #####################################
2025-08-30 16:28:43.133 | INFO     | __main__:main:237 - #####################################
