2025-08-30 15:30:05 | INFO | __main__:47 | Logger loaded.
2025-08-30 15:30:05 | INFO | __main__:162 | STARTING main()..
2025-08-30 15:30:05 | INFO | __main__:163 | Byline:

**********************************************************
Moore CAD Design — Project Header
**********************************************************
Author:                     Michael J Moore
Motto:                      Do Math not Magic. Show Your Work!
Years Active:               5
Accepting New Clients?:     True
Remote Workshops?:          True
Services:                   ['Data Analysis', 'Machine Learning', 'Business Intelligence']
Client Satisfaction Scores: [4.8, 4.6, 4.9, 5.0, 4.7]
Minimum Satisfaction Score: 4.6
Maximum Satisfaction Score: 5.0
Mean Satisfaction Score:    4.80
     Standard Deviation:    0.16
Location:                   Mexico, Missouri
Office Locations            ['Mexico', 'Moberly', 'Fulton', 'Columbia']
Number of Locations         16
**********************************************************

2025-08-30 15:30:12 | INFO | __main__:170 | Speech interrupted by user (Ctrl+C).
2025-08-30 15:30:12 | INFO | __main__:174 | This module is organized like all Python modules.
2025-08-30 15:30:12 | INFO | __main__:175 | We write professional Python from the start.
2025-08-30 15:30:12 | INFO | __main__:176 | END main()...
2025-08-30 15:30:34 | INFO | utils_michaeljmoore:47 | Logger loaded.
2025-08-30 15:30:34 | INFO | __main__:37 | Logger loaded.
2025-08-30 15:30:34.128 | INFO     | __main__:<module>:37 - Logger loaded.
2025-08-30 15:30:34 | INFO | __main__:197 | #####################################
2025-08-30 15:30:34.128 | INFO     | __main__:main:197 - #####################################
2025-08-30 15:30:34 | INFO | __main__:198 | # Starting execution of main()
2025-08-30 15:30:34.129 | INFO     | __main__:main:198 - # Starting execution of main()
2025-08-30 15:30:34 | INFO | __main__:199 | #####################################

2025-08-30 15:30:34.129 | INFO     | __main__:main:199 - #####################################

2025-08-30 15:30:34 | INFO | __main__:202 | Byline: 
**********************************************************
Moore CAD Design — Project Header
**********************************************************
Author:                     Michael J Moore
Motto:                      Do Math not Magic. Show Your Work!
Years Active:               5
Accepting New Clients?:     True
Remote Workshops?:          True
Services:                   ['Data Analysis', 'Machine Learning', 'Business Intelligence']
Client Satisfaction Scores: [4.8, 4.6, 4.9, 5.0, 4.7]
Minimum Satisfaction Score: 4.6
Maximum Satisfaction Score: 5.0
Mean Satisfaction Score:    4.80
     Standard Deviation:    0.16
Location:                   Mexico, Missouri
Office Locations            ['Mexico', 'Moberly', 'Fulton', 'Columbia']
Number of Locations         16
**********************************************************

2025-08-30 15:30:34.130 | INFO     | __main__:main:202 - Byline: 
**********************************************************
Moore CAD Design — Project Header
**********************************************************
Author:                     Michael J Moore
Motto:                      Do Math not Magic. Show Your Work!
Years Active:               5
Accepting New Clients?:     True
Remote Workshops?:          True
Services:                   ['Data Analysis', 'Machine Learning', 'Business Intelligence']
Client Satisfaction Scores: [4.8, 4.6, 4.9, 5.0, 4.7]
Minimum Satisfaction Score: 4.6
Maximum Satisfaction Score: 5.0
Mean Satisfaction Score:    4.80
     Standard Deviation:    0.16
Location:                   Mexico, Missouri
Office Locations            ['Mexico', 'Moberly', 'Fulton', 'Columbia']
Number of Locations         16
**********************************************************

2025-08-30 15:30:34 | INFO | __main__:73 | FUNCTION: create_folders_for_range()
2025-08-30 15:30:34.130 | INFO     | __main__:create_folders_for_range:73 - FUNCTION: create_folders_for_range()
2025-08-30 15:30:34 | INFO | __main__:74 | PARAMETERS: start_year = 2020, end_year = 2023
2025-08-30 15:30:34.131 | INFO     | __main__:create_folders_for_range:74 - PARAMETERS: start_year = 2020, end_year = 2023
2025-08-30 15:30:34 | INFO | __main__:105 | FUNCTION: create_folders_from_list()
2025-08-30 15:30:34.131 | INFO     | __main__:create_folders_from_list:105 - FUNCTION: create_folders_from_list()
2025-08-30 15:30:34 | INFO | __main__:106 | PARAMETER: folder_list = ['data-csv', 'data-excel', 'data-json']
2025-08-30 15:30:34.132 | INFO     | __main__:create_folders_from_list:106 - PARAMETER: folder_list = ['data-csv', 'data-excel', 'data-json']
2025-08-30 15:30:34 | INFO | __main__:134 | FUNCTION: create_prefixed_folders()
2025-08-30 15:30:34.132 | INFO     | __main__:create_prefixed_folders_using_list_comprehension:134 - FUNCTION: create_prefixed_folders()
2025-08-30 15:30:34 | INFO | __main__:135 | PARAMETERS: folder_list = ['csv', 'excel', 'json'], prefix = output-
2025-08-30 15:30:34.133 | INFO     | __main__:create_prefixed_folders_using_list_comprehension:135 - PARAMETERS: folder_list = ['csv', 'excel', 'json'], prefix = output-
2025-08-30 15:30:34 | INFO | __main__:157 | FUNCTION: create_folders_periodically()
2025-08-30 15:30:34.133 | INFO     | __main__:create_folders_periodically:157 - FUNCTION: create_folders_periodically()
2025-08-30 15:30:34 | INFO | __main__:158 | PARAMETER: duration_seconds = 5
2025-08-30 15:30:34.133 | INFO     | __main__:create_folders_periodically:158 - PARAMETER: duration_seconds = 5
2025-08-30 15:30:34 | INFO | __main__:185 | FUNCTION: create_standardized_folders()
2025-08-30 15:30:34.134 | INFO     | __main__:create_standardized_folders:185 - FUNCTION: create_standardized_folders()
2025-08-30 15:30:34 | INFO | __main__:186 | PARAMETERS: folder_list = ['North America', 'South America', 'Europe', 'Asia', 'Africa', 'Oceania', 'Middle East'], to_lowercase = True, remove_spaces = True
2025-08-30 15:30:34.134 | INFO     | __main__:create_standardized_folders:186 - PARAMETERS: folder_list = ['North America', 'South America', 'Europe', 'Asia', 'Africa', 'Oceania', 'Middle East'], to_lowercase = True, remove_spaces = True
2025-08-30 15:30:34 | INFO | __main__:223 | 
#####################################
2025-08-30 15:30:34.135 | INFO     | __main__:main:223 - 
#####################################
2025-08-30 15:30:34 | INFO | __main__:224 | # Completed execution of main()
2025-08-30 15:30:34.135 | INFO     | __main__:main:224 - # Completed execution of main()
2025-08-30 15:30:34 | INFO | __main__:225 | #####################################
2025-08-30 15:30:34.136 | INFO     | __main__:main:225 - #####################################
2025-08-30 16:03:46 | INFO | utils_michaeljmoore:47 | Logger loaded.
2025-08-30 16:03:46 | INFO | __main__:36 | Logger loaded.
2025-08-30 16:03:46.935 | INFO     | __main__:<module>:36 - Logger loaded.
2025-08-30 16:03:46 | INFO | __main__:201 | #####################################
2025-08-30 16:03:46.935 | INFO     | __main__:main:201 - #####################################
2025-08-30 16:03:46 | INFO | __main__:202 | # Starting execution of main()
2025-08-30 16:03:46.936 | INFO     | __main__:main:202 - # Starting execution of main()
2025-08-30 16:03:46 | INFO | __main__:203 | #####################################

2025-08-30 16:03:46.936 | INFO     | __main__:main:203 - #####################################

2025-08-30 16:03:46 | INFO | __main__:206 | Byline: 
**********************************************************
Moore CAD Design — Project Header
**********************************************************
Author:                     Michael J Moore
Motto:                      Do Math not Magic. Show Your Work!
Years Active:               5
Accepting New Clients?:     True
Remote Workshops?:          True
Services:                   ['Data Analysis', 'Machine Learning', 'Business Intelligence']
Client Satisfaction Scores: [4.8, 4.6, 4.9, 5.0, 4.7]
Minimum Satisfaction Score: 4.6
Maximum Satisfaction Score: 5.0
Mean Satisfaction Score:    4.80
     Standard Deviation:    0.16
Location:                   Mexico, Missouri
Office Locations            ['Mexico', 'Moberly', 'Fulton', 'Columbia']
Number of Locations         16
**********************************************************

2025-08-30 16:03:46.936 | INFO     | __main__:main:206 - Byline: 
**********************************************************
Moore CAD Design — Project Header
**********************************************************
Author:                     Michael J Moore
Motto:                      Do Math not Magic. Show Your Work!
Years Active:               5
Accepting New Clients?:     True
Remote Workshops?:          True
Services:                   ['Data Analysis', 'Machine Learning', 'Business Intelligence']
Client Satisfaction Scores: [4.8, 4.6, 4.9, 5.0, 4.7]
Minimum Satisfaction Score: 4.6
Maximum Satisfaction Score: 5.0
Mean Satisfaction Score:    4.80
     Standard Deviation:    0.16
Location:                   Mexico, Missouri
Office Locations            ['Mexico', 'Moberly', 'Fulton', 'Columbia']
Number of Locations         16
**********************************************************

2025-08-30 16:03:46 | INFO | __main__:72 | Created folder: C:\Repos\datafun-02-automation\2020
2025-08-30 16:03:46.938 | INFO     | __main__:create_folders_for_range:72 - Created folder: C:\Repos\datafun-02-automation\2020
2025-08-30 16:03:46 | INFO | __main__:74 | Created folder: C:\Repos\datafun-02-automation\2020
2025-08-30 16:03:46.939 | INFO     | __main__:create_folders_for_range:74 - Created folder: C:\Repos\datafun-02-automation\2020
2025-08-30 16:03:46 | INFO | __main__:72 | Created folder: C:\Repos\datafun-02-automation\2021
2025-08-30 16:03:46.940 | INFO     | __main__:create_folders_for_range:72 - Created folder: C:\Repos\datafun-02-automation\2021
2025-08-30 16:03:46 | INFO | __main__:74 | Created folder: C:\Repos\datafun-02-automation\2021
2025-08-30 16:03:46.941 | INFO     | __main__:create_folders_for_range:74 - Created folder: C:\Repos\datafun-02-automation\2021
2025-08-30 16:03:46 | INFO | __main__:72 | Created folder: C:\Repos\datafun-02-automation\2022
2025-08-30 16:03:46.941 | INFO     | __main__:create_folders_for_range:72 - Created folder: C:\Repos\datafun-02-automation\2022
2025-08-30 16:03:46 | INFO | __main__:74 | Created folder: C:\Repos\datafun-02-automation\2022
2025-08-30 16:03:46.942 | INFO     | __main__:create_folders_for_range:74 - Created folder: C:\Repos\datafun-02-automation\2022
2025-08-30 16:03:46 | INFO | __main__:72 | Created folder: C:\Repos\datafun-02-automation\2023
2025-08-30 16:03:46.943 | INFO     | __main__:create_folders_for_range:72 - Created folder: C:\Repos\datafun-02-automation\2023
2025-08-30 16:03:46 | INFO | __main__:74 | Created folder: C:\Repos\datafun-02-automation\2023
2025-08-30 16:03:46.944 | INFO     | __main__:create_folders_for_range:74 - Created folder: C:\Repos\datafun-02-automation\2023
2025-08-30 16:03:46 | INFO | __main__:77 | FUNCTION: create_folders_for_range()
2025-08-30 16:03:46.944 | INFO     | __main__:create_folders_for_range:77 - FUNCTION: create_folders_for_range()
2025-08-30 16:03:46 | INFO | __main__:78 | PARAMETERS: start_year = 2020, end_year = 2023
2025-08-30 16:03:46.945 | INFO     | __main__:create_folders_for_range:78 - PARAMETERS: start_year = 2020, end_year = 2023
2025-08-30 16:03:46 | INFO | __main__:109 | FUNCTION: create_folders_from_list()
2025-08-30 16:03:46.945 | INFO     | __main__:create_folders_from_list:109 - FUNCTION: create_folders_from_list()
2025-08-30 16:03:46 | INFO | __main__:110 | PARAMETER: folder_list = ['data-csv', 'data-excel', 'data-json']
2025-08-30 16:03:46.946 | INFO     | __main__:create_folders_from_list:110 - PARAMETER: folder_list = ['data-csv', 'data-excel', 'data-json']
2025-08-30 16:03:46 | INFO | __main__:138 | FUNCTION: create_prefixed_folders()
2025-08-30 16:03:46.946 | INFO     | __main__:create_prefixed_folders_using_list_comprehension:138 - FUNCTION: create_prefixed_folders()
2025-08-30 16:03:46 | INFO | __main__:139 | PARAMETERS: folder_list = ['csv', 'excel', 'json'], prefix = output-
2025-08-30 16:03:46.947 | INFO     | __main__:create_prefixed_folders_using_list_comprehension:139 - PARAMETERS: folder_list = ['csv', 'excel', 'json'], prefix = output-
2025-08-30 16:03:46 | INFO | __main__:161 | FUNCTION: create_folders_periodically()
2025-08-30 16:03:46.948 | INFO     | __main__:create_folders_periodically:161 - FUNCTION: create_folders_periodically()
2025-08-30 16:03:46 | INFO | __main__:162 | PARAMETER: duration_seconds = 5
2025-08-30 16:03:46.948 | INFO     | __main__:create_folders_periodically:162 - PARAMETER: duration_seconds = 5
2025-08-30 16:03:46 | INFO | __main__:189 | FUNCTION: create_standardized_folders()
2025-08-30 16:03:46.948 | INFO     | __main__:create_standardized_folders:189 - FUNCTION: create_standardized_folders()
2025-08-30 16:03:46 | INFO | __main__:190 | PARAMETERS: folder_list = ['North America', 'South America', 'Europe', 'Asia', 'Africa', 'Oceania', 'Middle East'], to_lowercase = True, remove_spaces = True
2025-08-30 16:03:46.949 | INFO     | __main__:create_standardized_folders:190 - PARAMETERS: folder_list = ['North America', 'South America', 'Europe', 'Asia', 'Africa', 'Oceania', 'Middle East'], to_lowercase = True, remove_spaces = True
2025-08-30 16:03:46 | INFO | __main__:227 | 
#####################################
2025-08-30 16:03:46.949 | INFO     | __main__:main:227 - 
#####################################
2025-08-30 16:03:46 | INFO | __main__:228 | # Completed execution of main()
2025-08-30 16:03:46.950 | INFO     | __main__:main:228 - # Completed execution of main()
2025-08-30 16:03:46 | INFO | __main__:229 | #####################################
2025-08-30 16:03:46.950 | INFO     | __main__:main:229 - #####################################
2025-08-30 16:13:19 | INFO | utils_michaeljmoore:47 | Logger loaded.
2025-08-30 16:13:19 | INFO | __main__:36 | Logger loaded.
2025-08-30 16:13:19.223 | INFO     | __main__:<module>:36 - Logger loaded.
2025-08-30 16:13:19 | INFO | __main__:206 | #####################################
2025-08-30 16:13:19.223 | INFO     | __main__:main:206 - #####################################
2025-08-30 16:13:19 | INFO | __main__:207 | # Starting execution of main()
2025-08-30 16:13:19.224 | INFO     | __main__:main:207 - # Starting execution of main()
2025-08-30 16:13:19 | INFO | __main__:208 | #####################################

2025-08-30 16:13:19.224 | INFO     | __main__:main:208 - #####################################

2025-08-30 16:13:19 | INFO | __main__:211 | Byline: 
**********************************************************
Moore CAD Design — Project Header
**********************************************************
Author:                     Michael J Moore
Motto:                      Do Math not Magic. Show Your Work!
Years Active:               5
Accepting New Clients?:     True
Remote Workshops?:          True
Services:                   ['Data Analysis', 'Machine Learning', 'Business Intelligence']
Client Satisfaction Scores: [4.8, 4.6, 4.9, 5.0, 4.7]
Minimum Satisfaction Score: 4.6
Maximum Satisfaction Score: 5.0
Mean Satisfaction Score:    4.80
     Standard Deviation:    0.16
Location:                   Mexico, Missouri
Office Locations            ['Mexico', 'Moberly', 'Fulton', 'Columbia']
Number of Locations         16
**********************************************************

2025-08-30 16:13:19.224 | INFO     | __main__:main:211 - Byline: 
**********************************************************
Moore CAD Design — Project Header
**********************************************************
Author:                     Michael J Moore
Motto:                      Do Math not Magic. Show Your Work!
Years Active:               5
Accepting New Clients?:     True
Remote Workshops?:          True
Services:                   ['Data Analysis', 'Machine Learning', 'Business Intelligence']
Client Satisfaction Scores: [4.8, 4.6, 4.9, 5.0, 4.7]
Minimum Satisfaction Score: 4.6
Maximum Satisfaction Score: 5.0
Mean Satisfaction Score:    4.80
     Standard Deviation:    0.16
Location:                   Mexico, Missouri
Office Locations            ['Mexico', 'Moberly', 'Fulton', 'Columbia']
Number of Locations         16
**********************************************************

2025-08-30 16:13:19 | INFO | __main__:72 | Created folder: C:\Repos\datafun-02-automation\2020
2025-08-30 16:13:19.225 | INFO     | __main__:create_folders_for_range:72 - Created folder: C:\Repos\datafun-02-automation\2020
2025-08-30 16:13:19 | INFO | __main__:74 | Created folder: C:\Repos\datafun-02-automation\2020
2025-08-30 16:13:19.226 | INFO     | __main__:create_folders_for_range:74 - Created folder: C:\Repos\datafun-02-automation\2020
2025-08-30 16:13:19 | INFO | __main__:72 | Created folder: C:\Repos\datafun-02-automation\2021
2025-08-30 16:13:19.227 | INFO     | __main__:create_folders_for_range:72 - Created folder: C:\Repos\datafun-02-automation\2021
2025-08-30 16:13:19 | INFO | __main__:74 | Created folder: C:\Repos\datafun-02-automation\2021
2025-08-30 16:13:19.228 | INFO     | __main__:create_folders_for_range:74 - Created folder: C:\Repos\datafun-02-automation\2021
2025-08-30 16:13:19 | INFO | __main__:72 | Created folder: C:\Repos\datafun-02-automation\2022
2025-08-30 16:13:19.228 | INFO     | __main__:create_folders_for_range:72 - Created folder: C:\Repos\datafun-02-automation\2022
2025-08-30 16:13:19 | INFO | __main__:74 | Created folder: C:\Repos\datafun-02-automation\2022
2025-08-30 16:13:19.229 | INFO     | __main__:create_folders_for_range:74 - Created folder: C:\Repos\datafun-02-automation\2022
2025-08-30 16:13:19 | INFO | __main__:72 | Created folder: C:\Repos\datafun-02-automation\2023
2025-08-30 16:13:19.232 | INFO     | __main__:create_folders_for_range:72 - Created folder: C:\Repos\datafun-02-automation\2023
2025-08-30 16:13:19 | INFO | __main__:74 | Created folder: C:\Repos\datafun-02-automation\2023
2025-08-30 16:13:19.233 | INFO     | __main__:create_folders_for_range:74 - Created folder: C:\Repos\datafun-02-automation\2023
2025-08-30 16:13:19 | INFO | __main__:77 | FUNCTION: create_folders_for_range()
2025-08-30 16:13:19.234 | INFO     | __main__:create_folders_for_range:77 - FUNCTION: create_folders_for_range()
2025-08-30 16:13:19 | INFO | __main__:78 | PARAMETERS: start_year = 2020, end_year = 2023
2025-08-30 16:13:19.234 | INFO     | __main__:create_folders_for_range:78 - PARAMETERS: start_year = 2020, end_year = 2023
2025-08-30 16:23:19 | INFO | utils_michaeljmoore:47 | Logger loaded.
2025-08-30 16:23:19 | INFO | __main__:36 | Logger loaded.
2025-08-30 16:23:19.686 | INFO     | __main__:<module>:36 - Logger loaded.
2025-08-30 16:23:19 | INFO | __main__:205 | #####################################
2025-08-30 16:23:19.687 | INFO     | __main__:main:205 - #####################################
2025-08-30 16:23:19 | INFO | __main__:206 | # Starting execution of main()
2025-08-30 16:23:19.687 | INFO     | __main__:main:206 - # Starting execution of main()
2025-08-30 16:23:19 | INFO | __main__:207 | #####################################

2025-08-30 16:23:19.688 | INFO     | __main__:main:207 - #####################################

2025-08-30 16:23:19 | INFO | __main__:210 | Byline: 
**********************************************************
Moore CAD Design — Project Header
**********************************************************
Author:                     Michael J Moore
Motto:                      Do Math not Magic. Show Your Work!
Years Active:               5
Accepting New Clients?:     True
Remote Workshops?:          True
Services:                   ['Data Analysis', 'Machine Learning', 'Business Intelligence']
Client Satisfaction Scores: [4.8, 4.6, 4.9, 5.0, 4.7]
Minimum Satisfaction Score: 4.6
Maximum Satisfaction Score: 5.0
Mean Satisfaction Score:    4.80
     Standard Deviation:    0.16
Location:                   Mexico, Missouri
Office Locations            ['Mexico', 'Moberly', 'Fulton', 'Columbia']
Number of Locations         16
**********************************************************

2025-08-30 16:23:19.688 | INFO     | __main__:main:210 - Byline: 
**********************************************************
Moore CAD Design — Project Header
**********************************************************
Author:                     Michael J Moore
Motto:                      Do Math not Magic. Show Your Work!
Years Active:               5
Accepting New Clients?:     True
Remote Workshops?:          True
Services:                   ['Data Analysis', 'Machine Learning', 'Business Intelligence']
Client Satisfaction Scores: [4.8, 4.6, 4.9, 5.0, 4.7]
Minimum Satisfaction Score: 4.6
Maximum Satisfaction Score: 5.0
Mean Satisfaction Score:    4.80
     Standard Deviation:    0.16
Location:                   Mexico, Missouri
Office Locations            ['Mexico', 'Moberly', 'Fulton', 'Columbia']
Number of Locations         16
**********************************************************

2025-08-30 16:23:19 | INFO | __main__:72 | Created folder: C:\Repos\datafun-02-automation\2020
2025-08-30 16:23:19.689 | INFO     | __main__:create_folders_for_range:72 - Created folder: C:\Repos\datafun-02-automation\2020
2025-08-30 16:23:19 | INFO | __main__:72 | Created folder: C:\Repos\datafun-02-automation\2021
2025-08-30 16:23:19.690 | INFO     | __main__:create_folders_for_range:72 - Created folder: C:\Repos\datafun-02-automation\2021
2025-08-30 16:23:19 | INFO | __main__:72 | Created folder: C:\Repos\datafun-02-automation\2022
2025-08-30 16:23:19.691 | INFO     | __main__:create_folders_for_range:72 - Created folder: C:\Repos\datafun-02-automation\2022
2025-08-30 16:23:19 | INFO | __main__:72 | Created folder: C:\Repos\datafun-02-automation\2023
2025-08-30 16:23:19.692 | INFO     | __main__:create_folders_for_range:72 - Created folder: C:\Repos\datafun-02-automation\2023
2025-08-30 16:23:19 | INFO | __main__:77 | FUNCTION: create_folders_for_range()
2025-08-30 16:23:19.692 | INFO     | __main__:create_folders_for_range:77 - FUNCTION: create_folders_for_range()
2025-08-30 16:23:19 | INFO | __main__:78 | PARAMETERS: start_year = 2020, end_year = 2023
2025-08-30 16:23:19.693 | INFO     | __main__:create_folders_for_range:78 - PARAMETERS: start_year = 2020, end_year = 2023
2025-08-30 16:23:19 | INFO | __main__:111 | Created folder: C:\Repos\datafun-02-automation\data-csv
2025-08-30 16:23:19.694 | INFO     | __main__:create_folders_from_list:111 - Created folder: C:\Repos\datafun-02-automation\data-csv
2025-08-30 16:23:19 | INFO | __main__:111 | Created folder: C:\Repos\datafun-02-automation\data-excel
2025-08-30 16:23:19.695 | INFO     | __main__:create_folders_from_list:111 - Created folder: C:\Repos\datafun-02-automation\data-excel
2025-08-30 16:23:19 | INFO | __main__:111 | Created folder: C:\Repos\datafun-02-automation\data-json
2025-08-30 16:23:19.696 | INFO     | __main__:create_folders_from_list:111 - Created folder: C:\Repos\datafun-02-automation\data-json
2025-08-30 16:23:19 | INFO | __main__:113 | FUNCTION: create_folders_from_list()
2025-08-30 16:23:19.696 | INFO     | __main__:create_folders_from_list:113 - FUNCTION: create_folders_from_list()
2025-08-30 16:23:19 | INFO | __main__:114 | PARAMETER: folder_list = ['data-csv', 'data-excel', 'data-json']
2025-08-30 16:23:19.696 | INFO     | __main__:create_folders_from_list:114 - PARAMETER: folder_list = ['data-csv', 'data-excel', 'data-json']
2025-08-30 16:23:19 | INFO | __main__:142 | FUNCTION: create_prefixed_folders()
2025-08-30 16:23:19.697 | INFO     | __main__:create_prefixed_folders_using_list_comprehension:142 - FUNCTION: create_prefixed_folders()
2025-08-30 16:23:19 | INFO | __main__:143 | PARAMETERS: folder_list = ['csv', 'excel', 'json'], prefix = output-
2025-08-30 16:23:19.697 | INFO     | __main__:create_prefixed_folders_using_list_comprehension:143 - PARAMETERS: folder_list = ['csv', 'excel', 'json'], prefix = output-
2025-08-30 16:23:19 | INFO | __main__:165 | FUNCTION: create_folders_periodically()
2025-08-30 16:23:19.697 | INFO     | __main__:create_folders_periodically:165 - FUNCTION: create_folders_periodically()
2025-08-30 16:23:19 | INFO | __main__:166 | PARAMETER: duration_seconds = 5
2025-08-30 16:23:19.698 | INFO     | __main__:create_folders_periodically:166 - PARAMETER: duration_seconds = 5
2025-08-30 16:23:19 | INFO | __main__:193 | FUNCTION: create_standardized_folders()
2025-08-30 16:23:19.698 | INFO     | __main__:create_standardized_folders:193 - FUNCTION: create_standardized_folders()
2025-08-30 16:23:19 | INFO | __main__:194 | PARAMETERS: folder_list = ['North America', 'South America', 'Europe', 'Asia', 'Africa', 'Oceania', 'Middle East'], to_lowercase = True, remove_spaces = True
2025-08-30 16:23:19.698 | INFO     | __main__:create_standardized_folders:194 - PARAMETERS: folder_list = ['North America', 'South America', 'Europe', 'Asia', 'Africa', 'Oceania', 'Middle East'], to_lowercase = True, remove_spaces = True
2025-08-30 16:23:19 | INFO | __main__:231 | 
#####################################
2025-08-30 16:23:19.698 | INFO     | __main__:main:231 - 
#####################################
2025-08-30 16:23:19 | INFO | __main__:232 | # Completed execution of main()
2025-08-30 16:23:19.699 | INFO     | __main__:main:232 - # Completed execution of main()
2025-08-30 16:23:19 | INFO | __main__:233 | #####################################
2025-08-30 16:23:19.699 | INFO     | __main__:main:233 - #####################################
2025-08-30 16:26:55 | INFO | utils_michaeljmoore:47 | Logger loaded.
2025-08-30 16:26:55 | INFO | __main__:36 | Logger loaded.
2025-08-30 16:26:55.085 | INFO     | __main__:<module>:36 - Logger loaded.
2025-08-30 16:26:55 | INFO | __main__:209 | #####################################
2025-08-30 16:26:55.086 | INFO     | __main__:main:209 - #####################################
2025-08-30 16:26:55 | INFO | __main__:210 | # Starting execution of main()
2025-08-30 16:26:55.086 | INFO     | __main__:main:210 - # Starting execution of main()
2025-08-30 16:26:55 | INFO | __main__:211 | #####################################

2025-08-30 16:26:55.086 | INFO     | __main__:main:211 - #####################################

2025-08-30 16:26:55 | INFO | __main__:214 | Byline: 
**********************************************************
Moore CAD Design — Project Header
**********************************************************
Author:                     Michael J Moore
Motto:                      Do Math not Magic. Show Your Work!
Years Active:               5
Accepting New Clients?:     True
Remote Workshops?:          True
Services:                   ['Data Analysis', 'Machine Learning', 'Business Intelligence']
Client Satisfaction Scores: [4.8, 4.6, 4.9, 5.0, 4.7]
Minimum Satisfaction Score: 4.6
Maximum Satisfaction Score: 5.0
Mean Satisfaction Score:    4.80
     Standard Deviation:    0.16
Location:                   Mexico, Missouri
Office Locations            ['Mexico', 'Moberly', 'Fulton', 'Columbia']
Number of Locations         16
**********************************************************

2025-08-30 16:26:55.087 | INFO     | __main__:main:214 - Byline: 
**********************************************************
Moore CAD Design — Project Header
**********************************************************
Author:                     Michael J Moore
Motto:                      Do Math not Magic. Show Your Work!
Years Active:               5
Accepting New Clients?:     True
Remote Workshops?:          True
Services:                   ['Data Analysis', 'Machine Learning', 'Business Intelligence']
Client Satisfaction Scores: [4.8, 4.6, 4.9, 5.0, 4.7]
Minimum Satisfaction Score: 4.6
Maximum Satisfaction Score: 5.0
Mean Satisfaction Score:    4.80
     Standard Deviation:    0.16
Location:                   Mexico, Missouri
Office Locations            ['Mexico', 'Moberly', 'Fulton', 'Columbia']
Number of Locations         16
**********************************************************

2025-08-30 16:26:55 | INFO | __main__:72 | Created folder: C:\Repos\datafun-02-automation\2020
2025-08-30 16:26:55.088 | INFO     | __main__:create_folders_for_range:72 - Created folder: C:\Repos\datafun-02-automation\2020
2025-08-30 16:26:55 | INFO | __main__:72 | Created folder: C:\Repos\datafun-02-automation\2021
2025-08-30 16:26:55.089 | INFO     | __main__:create_folders_for_range:72 - Created folder: C:\Repos\datafun-02-automation\2021
2025-08-30 16:26:55 | INFO | __main__:72 | Created folder: C:\Repos\datafun-02-automation\2022
2025-08-30 16:26:55.090 | INFO     | __main__:create_folders_for_range:72 - Created folder: C:\Repos\datafun-02-automation\2022
2025-08-30 16:26:55 | INFO | __main__:72 | Created folder: C:\Repos\datafun-02-automation\2023
2025-08-30 16:26:55.091 | INFO     | __main__:create_folders_for_range:72 - Created folder: C:\Repos\datafun-02-automation\2023
2025-08-30 16:26:55 | INFO | __main__:77 | FUNCTION: create_folders_for_range()
2025-08-30 16:26:55.092 | INFO     | __main__:create_folders_for_range:77 - FUNCTION: create_folders_for_range()
2025-08-30 16:26:55 | INFO | __main__:78 | PARAMETERS: start_year = 2020, end_year = 2023
2025-08-30 16:26:55.093 | INFO     | __main__:create_folders_for_range:78 - PARAMETERS: start_year = 2020, end_year = 2023
2025-08-30 16:26:55 | INFO | __main__:111 | Created folder: C:\Repos\datafun-02-automation\data-csv
2025-08-30 16:26:55.094 | INFO     | __main__:create_folders_from_list:111 - Created folder: C:\Repos\datafun-02-automation\data-csv
2025-08-30 16:26:55 | INFO | __main__:111 | Created folder: C:\Repos\datafun-02-automation\data-excel
2025-08-30 16:26:55.095 | INFO     | __main__:create_folders_from_list:111 - Created folder: C:\Repos\datafun-02-automation\data-excel
2025-08-30 16:26:55 | INFO | __main__:111 | Created folder: C:\Repos\datafun-02-automation\data-json
2025-08-30 16:26:55.095 | INFO     | __main__:create_folders_from_list:111 - Created folder: C:\Repos\datafun-02-automation\data-json
2025-08-30 16:26:55 | INFO | __main__:113 | FUNCTION: create_folders_from_list()
2025-08-30 16:26:55.096 | INFO     | __main__:create_folders_from_list:113 - FUNCTION: create_folders_from_list()
2025-08-30 16:26:55 | INFO | __main__:114 | PARAMETER: folder_list = ['data-csv', 'data-excel', 'data-json']
2025-08-30 16:26:55.096 | INFO     | __main__:create_folders_from_list:114 - PARAMETER: folder_list = ['data-csv', 'data-excel', 'data-json']
2025-08-30 16:27:44 | INFO | utils_michaeljmoore:47 | Logger loaded.
2025-08-30 16:27:44 | INFO | __main__:36 | Logger loaded.
2025-08-30 16:27:44.463 | INFO     | __main__:<module>:36 - Logger loaded.
2025-08-30 16:27:44 | INFO | __main__:209 | #####################################
2025-08-30 16:27:44.464 | INFO     | __main__:main:209 - #####################################
2025-08-30 16:27:44 | INFO | __main__:210 | # Starting execution of main()
2025-08-30 16:27:44.464 | INFO     | __main__:main:210 - # Starting execution of main()
2025-08-30 16:27:44 | INFO | __main__:211 | #####################################

2025-08-30 16:27:44.465 | INFO     | __main__:main:211 - #####################################

2025-08-30 16:27:44 | INFO | __main__:214 | Byline: 
**********************************************************
Moore CAD Design — Project Header
**********************************************************
Author:                     Michael J Moore
Motto:                      Do Math not Magic. Show Your Work!
Years Active:               5
Accepting New Clients?:     True
Remote Workshops?:          True
Services:                   ['Data Analysis', 'Machine Learning', 'Business Intelligence']
Client Satisfaction Scores: [4.8, 4.6, 4.9, 5.0, 4.7]
Minimum Satisfaction Score: 4.6
Maximum Satisfaction Score: 5.0
Mean Satisfaction Score:    4.80
     Standard Deviation:    0.16
Location:                   Mexico, Missouri
Office Locations            ['Mexico', 'Moberly', 'Fulton', 'Columbia']
Number of Locations         16
**********************************************************

2025-08-30 16:27:44.465 | INFO     | __main__:main:214 - Byline: 
**********************************************************
Moore CAD Design — Project Header
**********************************************************
Author:                     Michael J Moore
Motto:                      Do Math not Magic. Show Your Work!
Years Active:               5
Accepting New Clients?:     True
Remote Workshops?:          True
Services:                   ['Data Analysis', 'Machine Learning', 'Business Intelligence']
Client Satisfaction Scores: [4.8, 4.6, 4.9, 5.0, 4.7]
Minimum Satisfaction Score: 4.6
Maximum Satisfaction Score: 5.0
Mean Satisfaction Score:    4.80
     Standard Deviation:    0.16
Location:                   Mexico, Missouri
Office Locations            ['Mexico', 'Moberly', 'Fulton', 'Columbia']
Number of Locations         16
**********************************************************

2025-08-30 16:27:44 | INFO | __main__:72 | Created folder: C:\Repos\datafun-02-automation\2020
2025-08-30 16:27:44.466 | INFO     | __main__:create_folders_for_range:72 - Created folder: C:\Repos\datafun-02-automation\2020
2025-08-30 16:27:44 | INFO | __main__:72 | Created folder: C:\Repos\datafun-02-automation\2021
2025-08-30 16:27:44.467 | INFO     | __main__:create_folders_for_range:72 - Created folder: C:\Repos\datafun-02-automation\2021
2025-08-30 16:27:44 | INFO | __main__:72 | Created folder: C:\Repos\datafun-02-automation\2022
2025-08-30 16:27:44.468 | INFO     | __main__:create_folders_for_range:72 - Created folder: C:\Repos\datafun-02-automation\2022
2025-08-30 16:27:44 | INFO | __main__:72 | Created folder: C:\Repos\datafun-02-automation\2023
2025-08-30 16:27:44.468 | INFO     | __main__:create_folders_for_range:72 - Created folder: C:\Repos\datafun-02-automation\2023
2025-08-30 16:27:44 | INFO | __main__:77 | FUNCTION: create_folders_for_range()
2025-08-30 16:27:44.469 | INFO     | __main__:create_folders_for_range:77 - FUNCTION: create_folders_for_range()
2025-08-30 16:27:44 | INFO | __main__:78 | PARAMETERS: start_year = 2020, end_year = 2023
2025-08-30 16:27:44.470 | INFO     | __main__:create_folders_for_range:78 - PARAMETERS: start_year = 2020, end_year = 2023
2025-08-30 16:27:44 | INFO | __main__:111 | Created folder: C:\Repos\datafun-02-automation\data-csv
2025-08-30 16:27:44.471 | INFO     | __main__:create_folders_from_list:111 - Created folder: C:\Repos\datafun-02-automation\data-csv
2025-08-30 16:27:44 | INFO | __main__:111 | Created folder: C:\Repos\datafun-02-automation\data-excel
2025-08-30 16:27:44.472 | INFO     | __main__:create_folders_from_list:111 - Created folder: C:\Repos\datafun-02-automation\data-excel
2025-08-30 16:27:44 | INFO | __main__:111 | Created folder: C:\Repos\datafun-02-automation\data-json
2025-08-30 16:27:44.472 | INFO     | __main__:create_folders_from_list:111 - Created folder: C:\Repos\datafun-02-automation\data-json
2025-08-30 16:27:44 | INFO | __main__:113 | FUNCTION: create_folders_from_list()
2025-08-30 16:27:44.473 | INFO     | __main__:create_folders_from_list:113 - FUNCTION: create_folders_from_list()
2025-08-30 16:27:44 | INFO | __main__:114 | PARAMETER: folder_list = ['data-csv', 'data-excel', 'data-json']
2025-08-30 16:27:44.473 | INFO     | __main__:create_folders_from_list:114 - PARAMETER: folder_list = ['data-csv', 'data-excel', 'data-json']
2025-08-30 16:28:43 | INFO | utils_michaeljmoore:47 | Logger loaded.
2025-08-30 16:28:43 | INFO | __main__:36 | Logger loaded.
2025-08-30 16:28:43.116 | INFO     | __main__:<module>:36 - Logger loaded.
2025-08-30 16:28:43 | INFO | __main__:209 | #####################################
2025-08-30 16:28:43.117 | INFO     | __main__:main:209 - #####################################
2025-08-30 16:28:43 | INFO | __main__:210 | # Starting execution of main()
2025-08-30 16:28:43.117 | INFO     | __main__:main:210 - # Starting execution of main()
2025-08-30 16:28:43 | INFO | __main__:211 | #####################################

2025-08-30 16:28:43.118 | INFO     | __main__:main:211 - #####################################

2025-08-30 16:28:43 | INFO | __main__:214 | Byline: 
**********************************************************
Moore CAD Design — Project Header
**********************************************************
Author:                     Michael J Moore
Motto:                      Do Math not Magic. Show Your Work!
Years Active:               5
Accepting New Clients?:     True
Remote Workshops?:          True
Services:                   ['Data Analysis', 'Machine Learning', 'Business Intelligence']
Client Satisfaction Scores: [4.8, 4.6, 4.9, 5.0, 4.7]
Minimum Satisfaction Score: 4.6
Maximum Satisfaction Score: 5.0
Mean Satisfaction Score:    4.80
     Standard Deviation:    0.16
Location:                   Mexico, Missouri
Office Locations            ['Mexico', 'Moberly', 'Fulton', 'Columbia']
Number of Locations         16
**********************************************************

2025-08-30 16:28:43.118 | INFO     | __main__:main:214 - Byline: 
**********************************************************
Moore CAD Design — Project Header
**********************************************************
Author:                     Michael J Moore
Motto:                      Do Math not Magic. Show Your Work!
Years Active:               5
Accepting New Clients?:     True
Remote Workshops?:          True
Services:                   ['Data Analysis', 'Machine Learning', 'Business Intelligence']
Client Satisfaction Scores: [4.8, 4.6, 4.9, 5.0, 4.7]
Minimum Satisfaction Score: 4.6
Maximum Satisfaction Score: 5.0
Mean Satisfaction Score:    4.80
     Standard Deviation:    0.16
Location:                   Mexico, Missouri
Office Locations            ['Mexico', 'Moberly', 'Fulton', 'Columbia']
Number of Locations         16
**********************************************************

2025-08-30 16:28:43 | INFO | __main__:72 | Created folder: C:\Repos\datafun-02-automation\2020
2025-08-30 16:28:43.119 | INFO     | __main__:create_folders_for_range:72 - Created folder: C:\Repos\datafun-02-automation\2020
2025-08-30 16:28:43 | INFO | __main__:72 | Created folder: C:\Repos\datafun-02-automation\2021
2025-08-30 16:28:43.120 | INFO     | __main__:create_folders_for_range:72 - Created folder: C:\Repos\datafun-02-automation\2021
2025-08-30 16:28:43 | INFO | __main__:72 | Created folder: C:\Repos\datafun-02-automation\2022
2025-08-30 16:28:43.121 | INFO     | __main__:create_folders_for_range:72 - Created folder: C:\Repos\datafun-02-automation\2022
2025-08-30 16:28:43 | INFO | __main__:72 | Created folder: C:\Repos\datafun-02-automation\2023
2025-08-30 16:28:43.122 | INFO     | __main__:create_folders_for_range:72 - Created folder: C:\Repos\datafun-02-automation\2023
2025-08-30 16:28:43 | INFO | __main__:77 | FUNCTION: create_folders_for_range()
2025-08-30 16:28:43.122 | INFO     | __main__:create_folders_for_range:77 - FUNCTION: create_folders_for_range()
2025-08-30 16:28:43 | INFO | __main__:78 | PARAMETERS: start_year = 2020, end_year = 2023
2025-08-30 16:28:43.123 | INFO     | __main__:create_folders_for_range:78 - PARAMETERS: start_year = 2020, end_year = 2023
2025-08-30 16:28:43 | INFO | __main__:111 | Created folder: C:\Repos\datafun-02-automation\data-csv
2025-08-30 16:28:43.124 | INFO     | __main__:create_folders_from_list:111 - Created folder: C:\Repos\datafun-02-automation\data-csv
2025-08-30 16:28:43 | INFO | __main__:111 | Created folder: C:\Repos\datafun-02-automation\data-excel
2025-08-30 16:28:43.124 | INFO     | __main__:create_folders_from_list:111 - Created folder: C:\Repos\datafun-02-automation\data-excel
2025-08-30 16:28:43 | INFO | __main__:111 | Created folder: C:\Repos\datafun-02-automation\data-json
2025-08-30 16:28:43.125 | INFO     | __main__:create_folders_from_list:111 - Created folder: C:\Repos\datafun-02-automation\data-json
2025-08-30 16:28:43 | INFO | __main__:113 | FUNCTION: create_folders_from_list()
2025-08-30 16:28:43.125 | INFO     | __main__:create_folders_from_list:113 - FUNCTION: create_folders_from_list()
2025-08-30 16:28:43 | INFO | __main__:114 | PARAMETER: folder_list = ['data-csv', 'data-excel', 'data-json']
2025-08-30 16:28:43.126 | INFO     | __main__:create_folders_from_list:114 - PARAMETER: folder_list = ['data-csv', 'data-excel', 'data-json']
2025-08-30 16:28:43 | INFO | __main__:144 | Created folder: C:\Repos\datafun-02-automation\output-csv
2025-08-30 16:28:43.127 | INFO     | __main__:create_prefixed_folders_using_list_comprehension:144 - Created folder: C:\Repos\datafun-02-automation\output-csv
2025-08-30 16:28:43 | INFO | __main__:144 | Created folder: C:\Repos\datafun-02-automation\output-excel
2025-08-30 16:28:43.128 | INFO     | __main__:create_prefixed_folders_using_list_comprehension:144 - Created folder: C:\Repos\datafun-02-automation\output-excel
2025-08-30 16:28:43 | INFO | __main__:144 | Created folder: C:\Repos\datafun-02-automation\output-json
2025-08-30 16:28:43.129 | INFO     | __main__:create_prefixed_folders_using_list_comprehension:144 - Created folder: C:\Repos\datafun-02-automation\output-json
2025-08-30 16:28:43 | INFO | __main__:146 | FUNCTION: create_prefixed_folders()
2025-08-30 16:28:43.130 | INFO     | __main__:create_prefixed_folders_using_list_comprehension:146 - FUNCTION: create_prefixed_folders()
2025-08-30 16:28:43 | INFO | __main__:147 | PARAMETERS: folder_list = ['csv', 'excel', 'json'], prefix = output-
2025-08-30 16:28:43.130 | INFO     | __main__:create_prefixed_folders_using_list_comprehension:147 - PARAMETERS: folder_list = ['csv', 'excel', 'json'], prefix = output-
2025-08-30 16:28:43 | INFO | __main__:169 | FUNCTION: create_folders_periodically()
2025-08-30 16:28:43.131 | INFO     | __main__:create_folders_periodically:169 - FUNCTION: create_folders_periodically()
2025-08-30 16:28:43 | INFO | __main__:170 | PARAMETER: duration_seconds = 5
2025-08-30 16:28:43.132 | INFO     | __main__:create_folders_periodically:170 - PARAMETER: duration_seconds = 5
2025-08-30 16:28:43 | INFO | __main__:197 | FUNCTION: create_standardized_folders()
2025-08-30 16:28:43.132 | INFO     | __main__:create_standardized_folders:197 - FUNCTION: create_standardized_folders()
2025-08-30 16:28:43 | INFO | __main__:198 | PARAMETERS: folder_list = ['North America', 'South America', 'Europe', 'Asia', 'Africa', 'Oceania', 'Middle East'], to_lowercase = True, remove_spaces = True
2025-08-30 16:28:43.132 | INFO     | __main__:create_standardized_folders:198 - PARAMETERS: folder_list = ['North America', 'South America', 'Europe', 'Asia', 'Africa', 'Oceania', 'Middle East'], to_lowercase = True, remove_spaces = True
2025-08-30 16:28:43 | INFO | __main__:235 | 
#####################################
2025-08-30 16:28:43.133 | INFO     | __main__:main:235 - 
#####################################
2025-08-30 16:28:43 | INFO | __main__:236 | # Completed execution of main()
2025-08-30 16:28:43.133 | INFO     | __main__:main:236 - # Completed execution of main()
2025-08-30 16:28:43 | INFO | __main__:237 | #####################################
2025-08-30 16:28:43.133 | INFO     | __main__:main:237 - #####################################
2025-09-03 18:51:23 | INFO | utils_michaeljmoore:47 | Logger loaded.
2025-09-03 18:51:23 | INFO | __main__:37 | Logger loaded.
2025-09-03 18:51:23.527 | INFO     | __main__:<module>:37 - Logger loaded.
2025-09-03 18:51:23 | INFO | __main__:220 | #####################################
2025-09-03 18:51:23.527 | INFO     | __main__:main:220 - #####################################
2025-09-03 18:51:23 | INFO | __main__:221 | # Starting execution of main()
2025-09-03 18:51:23.528 | INFO     | __main__:main:221 - # Starting execution of main()
2025-09-03 18:51:23 | INFO | __main__:222 | #####################################

2025-09-03 18:51:23.528 | INFO     | __main__:main:222 - #####################################

2025-09-03 18:51:23 | INFO | __main__:225 | Byline: 
**********************************************************
Moore CAD Design — Project Header
**********************************************************
Author:                     Michael J Moore
Motto:                      Do Math not Magic. Show Your Work!
Years Active:               5
Accepting New Clients?:     True
Remote Workshops?:          True
Services:                   ['Data Analysis', 'Machine Learning', 'Business Intelligence']
Client Satisfaction Scores: [4.8, 4.6, 4.9, 5.0, 4.7]
Minimum Satisfaction Score: 4.6
Maximum Satisfaction Score: 5.0
Mean Satisfaction Score:    4.80
     Standard Deviation:    0.16
Location:                   Mexico, Missouri
Office Locations            ['Mexico', 'Moberly', 'Fulton', 'Columbia']
Number of Locations         16
**********************************************************

2025-09-03 18:51:23.528 | INFO     | __main__:main:225 - Byline: 
**********************************************************
Moore CAD Design — Project Header
**********************************************************
Author:                     Michael J Moore
Motto:                      Do Math not Magic. Show Your Work!
Years Active:               5
Accepting New Clients?:     True
Remote Workshops?:          True
Services:                   ['Data Analysis', 'Machine Learning', 'Business Intelligence']
Client Satisfaction Scores: [4.8, 4.6, 4.9, 5.0, 4.7]
Minimum Satisfaction Score: 4.6
Maximum Satisfaction Score: 5.0
Mean Satisfaction Score:    4.80
     Standard Deviation:    0.16
Location:                   Mexico, Missouri
Office Locations            ['Mexico', 'Moberly', 'Fulton', 'Columbia']
Number of Locations         16
**********************************************************

2025-09-03 18:51:23 | INFO | __main__:73 | Created folder: C:\Repos\datafun-02-automation\2020
2025-09-03 18:51:23.530 | INFO     | __main__:create_folders_for_range:73 - Created folder: C:\Repos\datafun-02-automation\2020
2025-09-03 18:51:23 | INFO | __main__:73 | Created folder: C:\Repos\datafun-02-automation\2021
2025-09-03 18:51:23.533 | INFO     | __main__:create_folders_for_range:73 - Created folder: C:\Repos\datafun-02-automation\2021
2025-09-03 18:51:23 | INFO | __main__:73 | Created folder: C:\Repos\datafun-02-automation\2022
2025-09-03 18:51:23.535 | INFO     | __main__:create_folders_for_range:73 - Created folder: C:\Repos\datafun-02-automation\2022
2025-09-03 18:51:23 | INFO | __main__:73 | Created folder: C:\Repos\datafun-02-automation\2023
2025-09-03 18:51:23.536 | INFO     | __main__:create_folders_for_range:73 - Created folder: C:\Repos\datafun-02-automation\2023
2025-09-03 18:51:23 | INFO | __main__:78 | FUNCTION: create_folders_for_range()
2025-09-03 18:51:23.537 | INFO     | __main__:create_folders_for_range:78 - FUNCTION: create_folders_for_range()
2025-09-03 18:51:23 | INFO | __main__:79 | PARAMETERS: start_year = 2020, end_year = 2023
2025-09-03 18:51:23.537 | INFO     | __main__:create_folders_for_range:79 - PARAMETERS: start_year = 2020, end_year = 2023
2025-09-03 18:51:23 | INFO | __main__:112 | Created folder: C:\Repos\datafun-02-automation\data-csv
2025-09-03 18:51:23.538 | INFO     | __main__:create_folders_from_list:112 - Created folder: C:\Repos\datafun-02-automation\data-csv
2025-09-03 18:51:23 | INFO | __main__:112 | Created folder: C:\Repos\datafun-02-automation\data-excel
2025-09-03 18:51:23.539 | INFO     | __main__:create_folders_from_list:112 - Created folder: C:\Repos\datafun-02-automation\data-excel
2025-09-03 18:51:23 | INFO | __main__:112 | Created folder: C:\Repos\datafun-02-automation\data-json
2025-09-03 18:51:23.540 | INFO     | __main__:create_folders_from_list:112 - Created folder: C:\Repos\datafun-02-automation\data-json
2025-09-03 18:51:23 | INFO | __main__:114 | FUNCTION: create_folders_from_list()
2025-09-03 18:51:23.540 | INFO     | __main__:create_folders_from_list:114 - FUNCTION: create_folders_from_list()
2025-09-03 18:51:23 | INFO | __main__:115 | PARAMETER: folder_list = ['data-csv', 'data-excel', 'data-json']
2025-09-03 18:51:23.541 | INFO     | __main__:create_folders_from_list:115 - PARAMETER: folder_list = ['data-csv', 'data-excel', 'data-json']
2025-09-03 18:51:23 | INFO | __main__:147 | FUNCTION: create_prefixed_folders()
2025-09-03 18:51:23.542 | INFO     | __main__:create_prefixed_folders_using_list_comprehension:147 - FUNCTION: create_prefixed_folders()
2025-09-03 18:51:23 | INFO | __main__:148 | PARAMETERS: folder_list = ['csv', 'excel', 'json'], prefix = output-
2025-09-03 18:51:23.542 | INFO     | __main__:create_prefixed_folders_using_list_comprehension:148 - PARAMETERS: folder_list = ['csv', 'excel', 'json'], prefix = output-
2025-09-03 18:51:23 | INFO | __main__:170 | FUNCTION: create_folders_periodically()
2025-09-03 18:51:23.543 | INFO     | __main__:create_folders_periodically:170 - FUNCTION: create_folders_periodically()
2025-09-03 18:51:23 | INFO | __main__:171 | PARAMETER: duration_seconds = 5
2025-09-03 18:51:23.543 | INFO     | __main__:create_folders_periodically:171 - PARAMETER: duration_seconds = 5
2025-09-03 18:51:23 | INFO | __main__:179 | Created folder: C:\Repos\datafun-02-automation\1_algebra
2025-09-03 18:51:23.544 | INFO     | __main__:create_folders_periodically:179 - Created folder: C:\Repos\datafun-02-automation\1_algebra
2025-09-03 18:51:28 | INFO | __main__:179 | Created folder: C:\Repos\datafun-02-automation\2_geometry
2025-09-03 18:51:28.546 | INFO     | __main__:create_folders_periodically:179 - Created folder: C:\Repos\datafun-02-automation\2_geometry
2025-09-03 18:51:33 | INFO | __main__:179 | Created folder: C:\Repos\datafun-02-automation\3_calculus
2025-09-03 18:51:33.549 | INFO     | __main__:create_folders_periodically:179 - Created folder: C:\Repos\datafun-02-automation\3_calculus
2025-09-03 18:51:38 | INFO | __main__:179 | Created folder: C:\Repos\datafun-02-automation\4_statistics
2025-09-03 18:51:38.553 | INFO     | __main__:create_folders_periodically:179 - Created folder: C:\Repos\datafun-02-automation\4_statistics
2025-09-03 18:51:43 | INFO | __main__:179 | Created folder: C:\Repos\datafun-02-automation\5_trigonometry
2025-09-03 18:51:43.554 | INFO     | __main__:create_folders_periodically:179 - Created folder: C:\Repos\datafun-02-automation\5_trigonometry
2025-09-03 18:51:48 | INFO | __main__:208 | FUNCTION: create_standardized_folders()
2025-09-03 18:51:48.556 | INFO     | __main__:create_standardized_folders:208 - FUNCTION: create_standardized_folders()
2025-09-03 18:51:48 | INFO | __main__:209 | PARAMETERS: folder_list = ['North America', 'South America', 'Europe', 'Asia', 'Africa', 'Oceania', 'Middle East'], to_lowercase = True, remove_spaces = True
2025-09-03 18:51:48.557 | INFO     | __main__:create_standardized_folders:209 - PARAMETERS: folder_list = ['North America', 'South America', 'Europe', 'Asia', 'Africa', 'Oceania', 'Middle East'], to_lowercase = True, remove_spaces = True
2025-09-03 18:51:48 | INFO | __main__:246 | 
#####################################
2025-09-03 18:51:48.558 | INFO     | __main__:main:246 - 
#####################################
2025-09-03 18:51:48 | INFO | __main__:247 | # Completed execution of main()
2025-09-03 18:51:48.559 | INFO     | __main__:main:247 - # Completed execution of main()
2025-09-03 18:51:48 | INFO | __main__:248 | #####################################
2025-09-03 18:51:48.559 | INFO     | __main__:main:248 - #####################################
2025-09-03 19:07:33 | INFO | utils_michaeljmoore:47 | Logger loaded.
2025-09-03 19:07:33 | INFO | __main__:37 | Logger loaded.
2025-09-03 19:07:33.726 | INFO     | __main__:<module>:37 - Logger loaded.
2025-09-03 19:07:33 | INFO | __main__:238 | #####################################
2025-09-03 19:07:33.727 | INFO     | __main__:main:238 - #####################################
2025-09-03 19:07:33 | INFO | __main__:239 | # Starting execution of main()
2025-09-03 19:07:33.727 | INFO     | __main__:main:239 - # Starting execution of main()
2025-09-03 19:07:33 | INFO | __main__:240 | #####################################

2025-09-03 19:07:33.727 | INFO     | __main__:main:240 - #####################################

2025-09-03 19:07:33 | INFO | __main__:243 | Byline: 
**********************************************************
Moore CAD Design — Project Header
**********************************************************
Author:                     Michael J Moore
Motto:                      Do Math not Magic. Show Your Work!
Years Active:               5
Accepting New Clients?:     True
Remote Workshops?:          True
Services:                   ['Data Analysis', 'Machine Learning', 'Business Intelligence']
Client Satisfaction Scores: [4.8, 4.6, 4.9, 5.0, 4.7]
Minimum Satisfaction Score: 4.6
Maximum Satisfaction Score: 5.0
Mean Satisfaction Score:    4.80
     Standard Deviation:    0.16
Location:                   Mexico, Missouri
Office Locations            ['Mexico', 'Moberly', 'Fulton', 'Columbia']
Number of Locations         16
**********************************************************

2025-09-03 19:07:33.728 | INFO     | __main__:main:243 - Byline: 
**********************************************************
Moore CAD Design — Project Header
**********************************************************
Author:                     Michael J Moore
Motto:                      Do Math not Magic. Show Your Work!
Years Active:               5
Accepting New Clients?:     True
Remote Workshops?:          True
Services:                   ['Data Analysis', 'Machine Learning', 'Business Intelligence']
Client Satisfaction Scores: [4.8, 4.6, 4.9, 5.0, 4.7]
Minimum Satisfaction Score: 4.6
Maximum Satisfaction Score: 5.0
Mean Satisfaction Score:    4.80
     Standard Deviation:    0.16
Location:                   Mexico, Missouri
Office Locations            ['Mexico', 'Moberly', 'Fulton', 'Columbia']
Number of Locations         16
**********************************************************

2025-09-03 19:07:33 | INFO | __main__:72 | FUNCTION: create_folders_for_range()
2025-09-03 19:07:33.728 | INFO     | __main__:create_folders_for_range:72 - FUNCTION: create_folders_for_range()
2025-09-03 19:07:33 | INFO | __main__:73 | PARAMETERS: start_year = 2020, end_year = 2023
2025-09-03 19:07:33.728 | INFO     | __main__:create_folders_for_range:73 - PARAMETERS: start_year = 2020, end_year = 2023
2025-09-03 19:07:33 | INFO | __main__:82 | Created folder: C:\Repos\datafun-02-automation\2020
2025-09-03 19:07:33.729 | INFO     | __main__:create_folders_for_range:82 - Created folder: C:\Repos\datafun-02-automation\2020
2025-09-03 19:07:33 | INFO | __main__:82 | Created folder: C:\Repos\datafun-02-automation\2021
2025-09-03 19:07:33.731 | INFO     | __main__:create_folders_for_range:82 - Created folder: C:\Repos\datafun-02-automation\2021
2025-09-03 19:07:33 | INFO | __main__:82 | Created folder: C:\Repos\datafun-02-automation\2022
2025-09-03 19:07:33.733 | INFO     | __main__:create_folders_for_range:82 - Created folder: C:\Repos\datafun-02-automation\2022
2025-09-03 19:07:33 | INFO | __main__:82 | Created folder: C:\Repos\datafun-02-automation\2023
2025-09-03 19:07:33.734 | INFO     | __main__:create_folders_for_range:82 - Created folder: C:\Repos\datafun-02-automation\2023
2025-09-03 19:07:33 | INFO | __main__:108 | FUNCTION: create_folders_from_list()
2025-09-03 19:07:33.736 | INFO     | __main__:create_folders_from_list:108 - FUNCTION: create_folders_from_list()
2025-09-03 19:07:33 | INFO | __main__:109 | PARAMETER: folder_list = ['data-csv', 'data-excel', 'data-json']
2025-09-03 19:07:33.736 | INFO     | __main__:create_folders_from_list:109 - PARAMETER: folder_list = ['data-csv', 'data-excel', 'data-json']
2025-09-03 19:07:33 | INFO | __main__:121 | Created folder: C:\Repos\datafun-02-automation\data-csv
2025-09-03 19:07:33.738 | INFO     | __main__:create_folders_from_list:121 - Created folder: C:\Repos\datafun-02-automation\data-csv
2025-09-03 19:07:33 | INFO | __main__:121 | Created folder: C:\Repos\datafun-02-automation\data-excel
2025-09-03 19:07:33.739 | INFO     | __main__:create_folders_from_list:121 - Created folder: C:\Repos\datafun-02-automation\data-excel
2025-09-03 19:07:33 | INFO | __main__:121 | Created folder: C:\Repos\datafun-02-automation\data-json
2025-09-03 19:07:33.741 | INFO     | __main__:create_folders_from_list:121 - Created folder: C:\Repos\datafun-02-automation\data-json
2025-09-03 19:07:33 | INFO | __main__:146 | FUNCTION: create_prefixed_folders()
2025-09-03 19:07:33.742 | INFO     | __main__:create_prefixed_folders_using_list_comprehension:146 - FUNCTION: create_prefixed_folders()
2025-09-03 19:07:33 | INFO | __main__:147 | PARAMETERS: folder_list = ['csv', 'excel', 'json'], prefix = output-
2025-09-03 19:07:33.742 | INFO     | __main__:create_prefixed_folders_using_list_comprehension:147 - PARAMETERS: folder_list = ['csv', 'excel', 'json'], prefix = output-
2025-09-03 19:07:33 | INFO | __main__:155 | Created folder: C:\Repos\datafun-02-automation\output-csv
2025-09-03 19:07:33.744 | INFO     | __main__:create_prefixed_folders_using_list_comprehension:155 - Created folder: C:\Repos\datafun-02-automation\output-csv
2025-09-03 19:07:33 | INFO | __main__:155 | Created folder: C:\Repos\datafun-02-automation\output-excel
2025-09-03 19:07:33.746 | INFO     | __main__:create_prefixed_folders_using_list_comprehension:155 - Created folder: C:\Repos\datafun-02-automation\output-excel
2025-09-03 19:07:33 | INFO | __main__:155 | Created folder: C:\Repos\datafun-02-automation\output-json
2025-09-03 19:07:33.747 | INFO     | __main__:create_prefixed_folders_using_list_comprehension:155 - Created folder: C:\Repos\datafun-02-automation\output-json
2025-09-03 19:07:33 | INFO | __main__:175 | FUNCTION: create_folders_periodically()
2025-09-03 19:07:33.748 | INFO     | __main__:create_folders_periodically:175 - FUNCTION: create_folders_periodically()
2025-09-03 19:07:33 | INFO | __main__:176 | PARAMETER: duration_seconds = 5
2025-09-03 19:07:33.749 | INFO     | __main__:create_folders_periodically:176 - PARAMETER: duration_seconds = 5
2025-09-03 19:07:33 | INFO | __main__:188 | Created folder: C:\Repos\datafun-02-automation\1_algebra
2025-09-03 19:07:33.751 | INFO     | __main__:create_folders_periodically:188 - Created folder: C:\Repos\datafun-02-automation\1_algebra
2025-09-03 19:07:38 | INFO | __main__:188 | Created folder: C:\Repos\datafun-02-automation\2_geometry
2025-09-03 19:07:38.753 | INFO     | __main__:create_folders_periodically:188 - Created folder: C:\Repos\datafun-02-automation\2_geometry
2025-09-03 19:07:43 | INFO | __main__:188 | Created folder: C:\Repos\datafun-02-automation\3_calculus
2025-09-03 19:07:43.754 | INFO     | __main__:create_folders_periodically:188 - Created folder: C:\Repos\datafun-02-automation\3_calculus
2025-09-03 19:07:48 | INFO | __main__:188 | Created folder: C:\Repos\datafun-02-automation\4_statistics
2025-09-03 19:07:48.757 | INFO     | __main__:create_folders_periodically:188 - Created folder: C:\Repos\datafun-02-automation\4_statistics
2025-09-03 19:07:53 | INFO | __main__:188 | Created folder: C:\Repos\datafun-02-automation\5_trigonometry
2025-09-03 19:07:53.759 | INFO     | __main__:create_folders_periodically:188 - Created folder: C:\Repos\datafun-02-automation\5_trigonometry
2025-09-03 19:07:58 | INFO | __main__:213 | FUNCTION: create_standardized_folders()
2025-09-03 19:07:58.760 | INFO     | __main__:create_standardized_folders:213 - FUNCTION: create_standardized_folders()
2025-09-03 19:07:58 | INFO | __main__:214 | PARAMETERS: folder_list = ['North America', 'South America', 'Europe', 'Asia', 'Africa', 'Oceania', 'Middle East'], to_lowercase = True, remove_spaces = True
2025-09-03 19:07:58.760 | INFO     | __main__:create_standardized_folders:214 - PARAMETERS: folder_list = ['North America', 'South America', 'Europe', 'Asia', 'Africa', 'Oceania', 'Middle East'], to_lowercase = True, remove_spaces = True
2025-09-03 19:07:58 | INFO | __main__:225 | Created folder: C:\Repos\datafun-02-automation\soft_taco
2025-09-03 19:07:58.761 | INFO     | __main__:create_standardized_folders:225 - Created folder: C:\Repos\datafun-02-automation\soft_taco
2025-09-03 19:07:58 | INFO | __main__:225 | Created folder: C:\Repos\datafun-02-automation\hard_taco
2025-09-03 19:07:58.762 | INFO     | __main__:create_standardized_folders:225 - Created folder: C:\Repos\datafun-02-automation\hard_taco
2025-09-03 19:07:58 | INFO | __main__:225 | Created folder: C:\Repos\datafun-02-automation\crunchy_taco
2025-09-03 19:07:58.763 | INFO     | __main__:create_standardized_folders:225 - Created folder: C:\Repos\datafun-02-automation\crunchy_taco
2025-09-03 19:07:58 | INFO | __main__:225 | Created folder: C:\Repos\datafun-02-automation\cheesy_taco
2025-09-03 19:07:58.764 | INFO     | __main__:create_standardized_folders:225 - Created folder: C:\Repos\datafun-02-automation\cheesy_taco
2025-09-03 19:07:58 | INFO | __main__:264 | 
#####################################
2025-09-03 19:07:58.765 | INFO     | __main__:main:264 - 
#####################################
2025-09-03 19:07:58 | INFO | __main__:265 | # Completed execution of main()
2025-09-03 19:07:58.765 | INFO     | __main__:main:265 - # Completed execution of main()
2025-09-03 19:07:58 | INFO | __main__:266 | #####################################
2025-09-03 19:07:58.766 | INFO     | __main__:main:266 - #####################################
2025-09-03 19:11:36 | INFO | utils_michaeljmoore:47 | Logger loaded.
2025-09-03 19:11:36 | INFO | __main__:37 | Logger loaded.
2025-09-03 19:11:36.796 | INFO     | __main__:<module>:37 - Logger loaded.
2025-09-03 19:11:36 | INFO | __main__:238 | #####################################
2025-09-03 19:11:36.797 | INFO     | __main__:main:238 - #####################################
2025-09-03 19:11:36 | INFO | __main__:239 | # Starting execution of main()
2025-09-03 19:11:36.797 | INFO     | __main__:main:239 - # Starting execution of main()
2025-09-03 19:11:36 | INFO | __main__:240 | #####################################

2025-09-03 19:11:36.797 | INFO     | __main__:main:240 - #####################################

2025-09-03 19:11:36 | INFO | __main__:243 | Byline: 
**********************************************************
Moore CAD Design — Project Header
**********************************************************
Author:                     Michael J Moore
Motto:                      Do Math not Magic. Show Your Work!
Years Active:               5
Accepting New Clients?:     True
Remote Workshops?:          True
Services:                   ['Data Analysis', 'Machine Learning', 'Business Intelligence']
Client Satisfaction Scores: [4.8, 4.6, 4.9, 5.0, 4.7]
Minimum Satisfaction Score: 4.6
Maximum Satisfaction Score: 5.0
Mean Satisfaction Score:    4.80
     Standard Deviation:    0.16
Location:                   Mexico, Missouri
Office Locations            ['Mexico', 'Moberly', 'Fulton', 'Columbia']
Number of Locations         16
**********************************************************

2025-09-03 19:11:36.798 | INFO     | __main__:main:243 - Byline: 
**********************************************************
Moore CAD Design — Project Header
**********************************************************
Author:                     Michael J Moore
Motto:                      Do Math not Magic. Show Your Work!
Years Active:               5
Accepting New Clients?:     True
Remote Workshops?:          True
Services:                   ['Data Analysis', 'Machine Learning', 'Business Intelligence']
Client Satisfaction Scores: [4.8, 4.6, 4.9, 5.0, 4.7]
Minimum Satisfaction Score: 4.6
Maximum Satisfaction Score: 5.0
Mean Satisfaction Score:    4.80
     Standard Deviation:    0.16
Location:                   Mexico, Missouri
Office Locations            ['Mexico', 'Moberly', 'Fulton', 'Columbia']
Number of Locations         16
**********************************************************

2025-09-03 19:11:36 | INFO | __main__:72 | FUNCTION: create_folders_for_range()
2025-09-03 19:11:36.799 | INFO     | __main__:create_folders_for_range:72 - FUNCTION: create_folders_for_range()
2025-09-03 19:11:36 | INFO | __main__:73 | PARAMETERS: start_year = 2020, end_year = 2023
2025-09-03 19:11:36.799 | INFO     | __main__:create_folders_for_range:73 - PARAMETERS: start_year = 2020, end_year = 2023
2025-09-03 19:11:36 | INFO | __main__:82 | Created folder: C:\Repos\datafun-02-automation\2020
2025-09-03 19:11:36.800 | INFO     | __main__:create_folders_for_range:82 - Created folder: C:\Repos\datafun-02-automation\2020
2025-09-03 19:11:36 | INFO | __main__:82 | Created folder: C:\Repos\datafun-02-automation\2021
2025-09-03 19:11:36.801 | INFO     | __main__:create_folders_for_range:82 - Created folder: C:\Repos\datafun-02-automation\2021
2025-09-03 19:11:36 | INFO | __main__:82 | Created folder: C:\Repos\datafun-02-automation\2022
2025-09-03 19:11:36.802 | INFO     | __main__:create_folders_for_range:82 - Created folder: C:\Repos\datafun-02-automation\2022
2025-09-03 19:11:36 | INFO | __main__:82 | Created folder: C:\Repos\datafun-02-automation\2023
2025-09-03 19:11:36.803 | INFO     | __main__:create_folders_for_range:82 - Created folder: C:\Repos\datafun-02-automation\2023
2025-09-03 19:11:36 | INFO | __main__:108 | FUNCTION: create_folders_from_list()
2025-09-03 19:11:36.804 | INFO     | __main__:create_folders_from_list:108 - FUNCTION: create_folders_from_list()
2025-09-03 19:11:36 | INFO | __main__:109 | PARAMETER: folder_list = ['data-csv', 'data-excel', 'data-json']
2025-09-03 19:11:36.804 | INFO     | __main__:create_folders_from_list:109 - PARAMETER: folder_list = ['data-csv', 'data-excel', 'data-json']
2025-09-03 19:11:36 | INFO | __main__:121 | Created folder: C:\Repos\datafun-02-automation\data-csv
2025-09-03 19:11:36.806 | INFO     | __main__:create_folders_from_list:121 - Created folder: C:\Repos\datafun-02-automation\data-csv
2025-09-03 19:11:36 | INFO | __main__:121 | Created folder: C:\Repos\datafun-02-automation\data-excel
2025-09-03 19:11:36.806 | INFO     | __main__:create_folders_from_list:121 - Created folder: C:\Repos\datafun-02-automation\data-excel
2025-09-03 19:11:36 | INFO | __main__:121 | Created folder: C:\Repos\datafun-02-automation\data-json
2025-09-03 19:11:36.807 | INFO     | __main__:create_folders_from_list:121 - Created folder: C:\Repos\datafun-02-automation\data-json
2025-09-03 19:11:36 | INFO | __main__:146 | FUNCTION: create_prefixed_folders()
2025-09-03 19:11:36.808 | INFO     | __main__:create_prefixed_folders_using_list_comprehension:146 - FUNCTION: create_prefixed_folders()
2025-09-03 19:11:36 | INFO | __main__:147 | PARAMETERS: folder_list = ['csv', 'excel', 'json'], prefix = output-
2025-09-03 19:11:36.808 | INFO     | __main__:create_prefixed_folders_using_list_comprehension:147 - PARAMETERS: folder_list = ['csv', 'excel', 'json'], prefix = output-
2025-09-03 19:11:36 | INFO | __main__:155 | Created folder: C:\Repos\datafun-02-automation\output-csv
2025-09-03 19:11:36.809 | INFO     | __main__:create_prefixed_folders_using_list_comprehension:155 - Created folder: C:\Repos\datafun-02-automation\output-csv
2025-09-03 19:11:36 | INFO | __main__:155 | Created folder: C:\Repos\datafun-02-automation\output-excel
2025-09-03 19:11:36.810 | INFO     | __main__:create_prefixed_folders_using_list_comprehension:155 - Created folder: C:\Repos\datafun-02-automation\output-excel
2025-09-03 19:11:36 | INFO | __main__:155 | Created folder: C:\Repos\datafun-02-automation\output-json
2025-09-03 19:11:36.811 | INFO     | __main__:create_prefixed_folders_using_list_comprehension:155 - Created folder: C:\Repos\datafun-02-automation\output-json
2025-09-03 19:11:36 | INFO | __main__:175 | FUNCTION: create_folders_periodically()
2025-09-03 19:11:36.812 | INFO     | __main__:create_folders_periodically:175 - FUNCTION: create_folders_periodically()
2025-09-03 19:11:36 | INFO | __main__:176 | PARAMETER: duration_seconds = 5
2025-09-03 19:11:36.812 | INFO     | __main__:create_folders_periodically:176 - PARAMETER: duration_seconds = 5
2025-09-03 19:11:36 | INFO | __main__:188 | Created folder: C:\Repos\datafun-02-automation\1_algebra
2025-09-03 19:11:36.813 | INFO     | __main__:create_folders_periodically:188 - Created folder: C:\Repos\datafun-02-automation\1_algebra
2025-09-03 19:11:41 | INFO | __main__:188 | Created folder: C:\Repos\datafun-02-automation\2_geometry
2025-09-03 19:11:41.815 | INFO     | __main__:create_folders_periodically:188 - Created folder: C:\Repos\datafun-02-automation\2_geometry
2025-09-03 19:11:46 | INFO | __main__:188 | Created folder: C:\Repos\datafun-02-automation\3_calculus
2025-09-03 19:11:46.817 | INFO     | __main__:create_folders_periodically:188 - Created folder: C:\Repos\datafun-02-automation\3_calculus
2025-09-03 19:11:51 | INFO | __main__:188 | Created folder: C:\Repos\datafun-02-automation\4_statistics
2025-09-03 19:11:51.819 | INFO     | __main__:create_folders_periodically:188 - Created folder: C:\Repos\datafun-02-automation\4_statistics
2025-09-03 19:11:56 | INFO | __main__:188 | Created folder: C:\Repos\datafun-02-automation\5_trigonometry
2025-09-03 19:11:56.822 | INFO     | __main__:create_folders_periodically:188 - Created folder: C:\Repos\datafun-02-automation\5_trigonometry
2025-09-03 19:12:01 | INFO | __main__:213 | FUNCTION: create_standardized_folders()
2025-09-03 19:12:01.823 | INFO     | __main__:create_standardized_folders:213 - FUNCTION: create_standardized_folders()
2025-09-03 19:12:01 | INFO | __main__:214 | PARAMETERS: folder_list = ['North America', 'South America', 'Europe', 'Asia', 'Africa', 'Oceania', 'Middle East'], to_lowercase = True, remove_spaces = True
2025-09-03 19:12:01.824 | INFO     | __main__:create_standardized_folders:214 - PARAMETERS: folder_list = ['North America', 'South America', 'Europe', 'Asia', 'Africa', 'Oceania', 'Middle East'], to_lowercase = True, remove_spaces = True
2025-09-03 19:12:01 | INFO | __main__:225 | Created folder: C:\Repos\datafun-02-automation\Soft Taco
2025-09-03 19:12:01.826 | INFO     | __main__:create_standardized_folders:225 - Created folder: C:\Repos\datafun-02-automation\Soft Taco
2025-09-03 19:12:01 | INFO | __main__:225 | Created folder: C:\Repos\datafun-02-automation\Hard Taco
2025-09-03 19:12:01.828 | INFO     | __main__:create_standardized_folders:225 - Created folder: C:\Repos\datafun-02-automation\Hard Taco
2025-09-03 19:12:01 | INFO | __main__:225 | Created folder: C:\Repos\datafun-02-automation\Crunchy Taco
2025-09-03 19:12:01.830 | INFO     | __main__:create_standardized_folders:225 - Created folder: C:\Repos\datafun-02-automation\Crunchy Taco
2025-09-03 19:12:01 | INFO | __main__:225 | Created folder: C:\Repos\datafun-02-automation\Cheesy Taco
2025-09-03 19:12:01.832 | INFO     | __main__:create_standardized_folders:225 - Created folder: C:\Repos\datafun-02-automation\Cheesy Taco
2025-09-03 19:12:01 | INFO | __main__:264 | 
#####################################
2025-09-03 19:12:01.833 | INFO     | __main__:main:264 - 
#####################################
2025-09-03 19:12:01 | INFO | __main__:265 | # Completed execution of main()
2025-09-03 19:12:01.833 | INFO     | __main__:main:265 - # Completed execution of main()
2025-09-03 19:12:01 | INFO | __main__:266 | #####################################
2025-09-03 19:12:01.834 | INFO     | __main__:main:266 - #####################################
2025-09-03 19:18:04 | INFO | utils_michaeljmoore:47 | Logger loaded.
2025-09-03 19:18:04 | INFO | __main__:37 | Logger loaded.
2025-09-03 19:18:04.838 | INFO     | __main__:<module>:37 - Logger loaded.
2025-09-03 19:18:04 | INFO | __main__:248 | #####################################
2025-09-03 19:18:04.839 | INFO     | __main__:main:248 - #####################################
2025-09-03 19:18:04 | INFO | __main__:249 | # Starting execution of main()
2025-09-03 19:18:04.839 | INFO     | __main__:main:249 - # Starting execution of main()
2025-09-03 19:18:04 | INFO | __main__:250 | #####################################

2025-09-03 19:18:04.840 | INFO     | __main__:main:250 - #####################################

2025-09-03 19:18:04 | INFO | __main__:253 | Byline: 
**********************************************************
Moore CAD Design — Project Header
**********************************************************
Author:                     Michael J Moore
Motto:                      Do Math not Magic. Show Your Work!
Years Active:               5
Accepting New Clients?:     True
Remote Workshops?:          True
Services:                   ['Data Analysis', 'Machine Learning', 'Business Intelligence']
Client Satisfaction Scores: [4.8, 4.6, 4.9, 5.0, 4.7]
Minimum Satisfaction Score: 4.6
Maximum Satisfaction Score: 5.0
Mean Satisfaction Score:    4.80
     Standard Deviation:    0.16
Location:                   Mexico, Missouri
Office Locations            ['Mexico', 'Moberly', 'Fulton', 'Columbia']
Number of Locations         16
**********************************************************

2025-09-03 19:18:04.840 | INFO     | __main__:main:253 - Byline: 
**********************************************************
Moore CAD Design — Project Header
**********************************************************
Author:                     Michael J Moore
Motto:                      Do Math not Magic. Show Your Work!
Years Active:               5
Accepting New Clients?:     True
Remote Workshops?:          True
Services:                   ['Data Analysis', 'Machine Learning', 'Business Intelligence']
Client Satisfaction Scores: [4.8, 4.6, 4.9, 5.0, 4.7]
Minimum Satisfaction Score: 4.6
Maximum Satisfaction Score: 5.0
Mean Satisfaction Score:    4.80
     Standard Deviation:    0.16
Location:                   Mexico, Missouri
Office Locations            ['Mexico', 'Moberly', 'Fulton', 'Columbia']
Number of Locations         16
**********************************************************

2025-09-03 19:18:04 | INFO | __main__:72 | FUNCTION: create_folders_for_range()
2025-09-03 19:18:04.841 | INFO     | __main__:create_folders_for_range:72 - FUNCTION: create_folders_for_range()
2025-09-03 19:18:04 | INFO | __main__:73 | PARAMETERS: start_year = 2020, end_year = 2023
2025-09-03 19:18:04.841 | INFO     | __main__:create_folders_for_range:73 - PARAMETERS: start_year = 2020, end_year = 2023
2025-09-03 19:18:04 | INFO | __main__:82 | Created folder: C:\Repos\datafun-02-automation\2020
2025-09-03 19:18:04.841 | INFO     | __main__:create_folders_for_range:82 - Created folder: C:\Repos\datafun-02-automation\2020
2025-09-03 19:18:04 | INFO | __main__:82 | Created folder: C:\Repos\datafun-02-automation\2021
2025-09-03 19:18:04.842 | INFO     | __main__:create_folders_for_range:82 - Created folder: C:\Repos\datafun-02-automation\2021
2025-09-03 19:18:04 | INFO | __main__:82 | Created folder: C:\Repos\datafun-02-automation\2022
2025-09-03 19:18:04.843 | INFO     | __main__:create_folders_for_range:82 - Created folder: C:\Repos\datafun-02-automation\2022
2025-09-03 19:18:04 | INFO | __main__:82 | Created folder: C:\Repos\datafun-02-automation\2023
2025-09-03 19:18:04.844 | INFO     | __main__:create_folders_for_range:82 - Created folder: C:\Repos\datafun-02-automation\2023
2025-09-03 19:18:04 | INFO | __main__:108 | FUNCTION: create_folders_from_list()
2025-09-03 19:18:04.845 | INFO     | __main__:create_folders_from_list:108 - FUNCTION: create_folders_from_list()
2025-09-03 19:18:04 | INFO | __main__:109 | PARAMETER: folder_list = ['data-csv', 'data-excel', 'data-json']
2025-09-03 19:18:04.845 | INFO     | __main__:create_folders_from_list:109 - PARAMETER: folder_list = ['data-csv', 'data-excel', 'data-json']
2025-09-03 19:18:04 | INFO | __main__:121 | Created folder: C:\Repos\datafun-02-automation\data-csv
2025-09-03 19:18:04.846 | INFO     | __main__:create_folders_from_list:121 - Created folder: C:\Repos\datafun-02-automation\data-csv
2025-09-03 19:18:04 | INFO | __main__:121 | Created folder: C:\Repos\datafun-02-automation\data-excel
2025-09-03 19:18:04.847 | INFO     | __main__:create_folders_from_list:121 - Created folder: C:\Repos\datafun-02-automation\data-excel
2025-09-03 19:18:04 | INFO | __main__:121 | Created folder: C:\Repos\datafun-02-automation\data-json
2025-09-03 19:18:04.848 | INFO     | __main__:create_folders_from_list:121 - Created folder: C:\Repos\datafun-02-automation\data-json
2025-09-03 19:18:04 | INFO | __main__:146 | FUNCTION: create_prefixed_folders()
2025-09-03 19:18:04.848 | INFO     | __main__:create_prefixed_folders_using_list_comprehension:146 - FUNCTION: create_prefixed_folders()
2025-09-03 19:18:04 | INFO | __main__:147 | PARAMETERS: folder_list = ['csv', 'excel', 'json'], prefix = output-
2025-09-03 19:18:04.848 | INFO     | __main__:create_prefixed_folders_using_list_comprehension:147 - PARAMETERS: folder_list = ['csv', 'excel', 'json'], prefix = output-
2025-09-03 19:18:04 | INFO | __main__:155 | Created folder: C:\Repos\datafun-02-automation\output-csv
2025-09-03 19:18:04.849 | INFO     | __main__:create_prefixed_folders_using_list_comprehension:155 - Created folder: C:\Repos\datafun-02-automation\output-csv
2025-09-03 19:18:04 | INFO | __main__:155 | Created folder: C:\Repos\datafun-02-automation\output-excel
2025-09-03 19:18:04.850 | INFO     | __main__:create_prefixed_folders_using_list_comprehension:155 - Created folder: C:\Repos\datafun-02-automation\output-excel
2025-09-03 19:18:04 | INFO | __main__:155 | Created folder: C:\Repos\datafun-02-automation\output-json
2025-09-03 19:18:04.852 | INFO     | __main__:create_prefixed_folders_using_list_comprehension:155 - Created folder: C:\Repos\datafun-02-automation\output-json
2025-09-03 19:18:04 | INFO | __main__:175 | FUNCTION: create_folders_periodically()
2025-09-03 19:18:04.852 | INFO     | __main__:create_folders_periodically:175 - FUNCTION: create_folders_periodically()
2025-09-03 19:18:04 | INFO | __main__:176 | PARAMETER: duration_seconds = 5
2025-09-03 19:18:04.853 | INFO     | __main__:create_folders_periodically:176 - PARAMETER: duration_seconds = 5
2025-09-03 19:18:04 | INFO | __main__:213 | FUNCTION: create_standardized_folders()
2025-09-03 19:18:04.853 | INFO     | __main__:create_standardized_folders:213 - FUNCTION: create_standardized_folders()
2025-09-03 19:18:04 | INFO | __main__:214 | PARAMETERS: folder_list = ['North America', 'South America', 'Europe', 'Asia', 'Africa', 'Oceania', 'Middle East'], to_lowercase = True, remove_spaces = True
2025-09-03 19:18:04.853 | INFO     | __main__:create_standardized_folders:214 - PARAMETERS: folder_list = ['North America', 'South America', 'Europe', 'Asia', 'Africa', 'Oceania', 'Middle East'], to_lowercase = True, remove_spaces = True
2025-09-03 19:18:04 | INFO | __main__:235 | Created folder: C:\Repos\datafun-02-automation\taco_al_pastor
2025-09-03 19:18:04.854 | INFO     | __main__:create_standardized_folders:235 - Created folder: C:\Repos\datafun-02-automation\taco_al_pastor
2025-09-03 19:18:04 | INFO | __main__:235 | Created folder: C:\Repos\datafun-02-automation\taco_carne_asada
2025-09-03 19:18:04.855 | INFO     | __main__:create_standardized_folders:235 - Created folder: C:\Repos\datafun-02-automation\taco_carne_asada
2025-09-03 19:18:04 | INFO | __main__:235 | Created folder: C:\Repos\datafun-02-automation\taco_fish
2025-09-03 19:18:04.856 | INFO     | __main__:create_standardized_folders:235 - Created folder: C:\Repos\datafun-02-automation\taco_fish
2025-09-03 19:18:04 | INFO | __main__:235 | Created folder: C:\Repos\datafun-02-automation\taco_carnitas
2025-09-03 19:18:04.857 | INFO     | __main__:create_standardized_folders:235 - Created folder: C:\Repos\datafun-02-automation\taco_carnitas
2025-09-03 19:18:04 | INFO | __main__:274 | 
#####################################
2025-09-03 19:18:04.857 | INFO     | __main__:main:274 - 
#####################################
2025-09-03 19:18:04 | INFO | __main__:275 | # Completed execution of main()
2025-09-03 19:18:04.858 | INFO     | __main__:main:275 - # Completed execution of main()
2025-09-03 19:18:04 | INFO | __main__:276 | #####################################
2025-09-03 19:18:04.858 | INFO     | __main__:main:276 - #####################################
2025-09-03 19:21:07 | INFO | utils_michaeljmoore:47 | Logger loaded.
2025-09-03 19:21:07 | INFO | __main__:37 | Logger loaded.
2025-09-03 19:21:07.311 | INFO     | __main__:<module>:37 - Logger loaded.
2025-09-03 19:21:07 | INFO | __main__:248 | #####################################
2025-09-03 19:21:07.312 | INFO     | __main__:main:248 - #####################################
2025-09-03 19:21:07 | INFO | __main__:249 | # Starting execution of main()
2025-09-03 19:21:07.312 | INFO     | __main__:main:249 - # Starting execution of main()
2025-09-03 19:21:07 | INFO | __main__:250 | #####################################

2025-09-03 19:21:07.312 | INFO     | __main__:main:250 - #####################################

2025-09-03 19:21:07 | INFO | __main__:253 | Byline: 
**********************************************************
Moore CAD Design — Project Header
**********************************************************
Author:                     Michael J Moore
Motto:                      Do Math not Magic. Show Your Work!
Years Active:               5
Accepting New Clients?:     True
Remote Workshops?:          True
Services:                   ['Data Analysis', 'Machine Learning', 'Business Intelligence']
Client Satisfaction Scores: [4.8, 4.6, 4.9, 5.0, 4.7]
Minimum Satisfaction Score: 4.6
Maximum Satisfaction Score: 5.0
Mean Satisfaction Score:    4.80
     Standard Deviation:    0.16
Location:                   Mexico, Missouri
Office Locations            ['Mexico', 'Moberly', 'Fulton', 'Columbia']
Number of Locations         16
**********************************************************

2025-09-03 19:21:07.312 | INFO     | __main__:main:253 - Byline: 
**********************************************************
Moore CAD Design — Project Header
**********************************************************
Author:                     Michael J Moore
Motto:                      Do Math not Magic. Show Your Work!
Years Active:               5
Accepting New Clients?:     True
Remote Workshops?:          True
Services:                   ['Data Analysis', 'Machine Learning', 'Business Intelligence']
Client Satisfaction Scores: [4.8, 4.6, 4.9, 5.0, 4.7]
Minimum Satisfaction Score: 4.6
Maximum Satisfaction Score: 5.0
Mean Satisfaction Score:    4.80
     Standard Deviation:    0.16
Location:                   Mexico, Missouri
Office Locations            ['Mexico', 'Moberly', 'Fulton', 'Columbia']
Number of Locations         16
**********************************************************

2025-09-03 19:21:07 | INFO | __main__:72 | FUNCTION: create_folders_for_range()
2025-09-03 19:21:07.313 | INFO     | __main__:create_folders_for_range:72 - FUNCTION: create_folders_for_range()
2025-09-03 19:21:07 | INFO | __main__:73 | PARAMETERS: start_year = 2020, end_year = 2023
2025-09-03 19:21:07.313 | INFO     | __main__:create_folders_for_range:73 - PARAMETERS: start_year = 2020, end_year = 2023
2025-09-03 19:21:07 | INFO | __main__:82 | Created folder: C:\Repos\datafun-02-automation\2020
2025-09-03 19:21:07.314 | INFO     | __main__:create_folders_for_range:82 - Created folder: C:\Repos\datafun-02-automation\2020
2025-09-03 19:21:07 | INFO | __main__:82 | Created folder: C:\Repos\datafun-02-automation\2021
2025-09-03 19:21:07.314 | INFO     | __main__:create_folders_for_range:82 - Created folder: C:\Repos\datafun-02-automation\2021
2025-09-03 19:21:07 | INFO | __main__:82 | Created folder: C:\Repos\datafun-02-automation\2022
2025-09-03 19:21:07.316 | INFO     | __main__:create_folders_for_range:82 - Created folder: C:\Repos\datafun-02-automation\2022
2025-09-03 19:21:07 | INFO | __main__:82 | Created folder: C:\Repos\datafun-02-automation\2023
2025-09-03 19:21:07.316 | INFO     | __main__:create_folders_for_range:82 - Created folder: C:\Repos\datafun-02-automation\2023
2025-09-03 19:21:07 | INFO | __main__:108 | FUNCTION: create_folders_from_list()
2025-09-03 19:21:07.317 | INFO     | __main__:create_folders_from_list:108 - FUNCTION: create_folders_from_list()
2025-09-03 19:21:07 | INFO | __main__:109 | PARAMETER: folder_list = ['data-csv', 'data-excel', 'data-json']
2025-09-03 19:21:07.318 | INFO     | __main__:create_folders_from_list:109 - PARAMETER: folder_list = ['data-csv', 'data-excel', 'data-json']
2025-09-03 19:21:07 | INFO | __main__:121 | Created folder: C:\Repos\datafun-02-automation\data-csv
2025-09-03 19:21:07.319 | INFO     | __main__:create_folders_from_list:121 - Created folder: C:\Repos\datafun-02-automation\data-csv
2025-09-03 19:21:07 | INFO | __main__:121 | Created folder: C:\Repos\datafun-02-automation\data-excel
2025-09-03 19:21:07.320 | INFO     | __main__:create_folders_from_list:121 - Created folder: C:\Repos\datafun-02-automation\data-excel
2025-09-03 19:21:07 | INFO | __main__:121 | Created folder: C:\Repos\datafun-02-automation\data-json
2025-09-03 19:21:07.321 | INFO     | __main__:create_folders_from_list:121 - Created folder: C:\Repos\datafun-02-automation\data-json
2025-09-03 19:21:07 | INFO | __main__:146 | FUNCTION: create_prefixed_folders()
2025-09-03 19:21:07.321 | INFO     | __main__:create_prefixed_folders_using_list_comprehension:146 - FUNCTION: create_prefixed_folders()
2025-09-03 19:21:07 | INFO | __main__:147 | PARAMETERS: folder_list = ['csv', 'excel', 'json'], prefix = output-
2025-09-03 19:21:07.322 | INFO     | __main__:create_prefixed_folders_using_list_comprehension:147 - PARAMETERS: folder_list = ['csv', 'excel', 'json'], prefix = output-
2025-09-03 19:21:07 | INFO | __main__:155 | Created folder: C:\Repos\datafun-02-automation\output-csv
2025-09-03 19:21:07.323 | INFO     | __main__:create_prefixed_folders_using_list_comprehension:155 - Created folder: C:\Repos\datafun-02-automation\output-csv
2025-09-03 19:21:07 | INFO | __main__:155 | Created folder: C:\Repos\datafun-02-automation\output-excel
2025-09-03 19:21:07.325 | INFO     | __main__:create_prefixed_folders_using_list_comprehension:155 - Created folder: C:\Repos\datafun-02-automation\output-excel
2025-09-03 19:21:07 | INFO | __main__:155 | Created folder: C:\Repos\datafun-02-automation\output-json
2025-09-03 19:21:07.326 | INFO     | __main__:create_prefixed_folders_using_list_comprehension:155 - Created folder: C:\Repos\datafun-02-automation\output-json
2025-09-03 19:21:07 | INFO | __main__:175 | FUNCTION: create_folders_periodically()
2025-09-03 19:21:07.326 | INFO     | __main__:create_folders_periodically:175 - FUNCTION: create_folders_periodically()
2025-09-03 19:21:07 | INFO | __main__:176 | PARAMETER: duration_seconds = 5
2025-09-03 19:21:07.327 | INFO     | __main__:create_folders_periodically:176 - PARAMETER: duration_seconds = 5
2025-09-03 19:21:07 | INFO | __main__:188 | Created folder: C:\Repos\datafun-02-automation\1_algebra
2025-09-03 19:21:07.328 | INFO     | __main__:create_folders_periodically:188 - Created folder: C:\Repos\datafun-02-automation\1_algebra
2025-09-03 19:21:12 | INFO | __main__:188 | Created folder: C:\Repos\datafun-02-automation\2_geometry
2025-09-03 19:21:12.329 | INFO     | __main__:create_folders_periodically:188 - Created folder: C:\Repos\datafun-02-automation\2_geometry
2025-09-03 19:21:17 | INFO | __main__:188 | Created folder: C:\Repos\datafun-02-automation\3_calculus
2025-09-03 19:21:17.331 | INFO     | __main__:create_folders_periodically:188 - Created folder: C:\Repos\datafun-02-automation\3_calculus
2025-09-03 19:21:22 | INFO | __main__:188 | Created folder: C:\Repos\datafun-02-automation\4_statistics
2025-09-03 19:21:22.333 | INFO     | __main__:create_folders_periodically:188 - Created folder: C:\Repos\datafun-02-automation\4_statistics
2025-09-03 19:21:27 | INFO | __main__:188 | Created folder: C:\Repos\datafun-02-automation\5_trigonometry
2025-09-03 19:21:27.334 | INFO     | __main__:create_folders_periodically:188 - Created folder: C:\Repos\datafun-02-automation\5_trigonometry
2025-09-03 19:21:32 | INFO | __main__:213 | FUNCTION: create_standardized_folders()
2025-09-03 19:21:32.335 | INFO     | __main__:create_standardized_folders:213 - FUNCTION: create_standardized_folders()
2025-09-03 19:21:32 | INFO | __main__:214 | PARAMETERS: folder_list = ['North America', 'South America', 'Europe', 'Asia', 'Africa', 'Oceania', 'Middle East'], to_lowercase = True, remove_spaces = True
2025-09-03 19:21:32.336 | INFO     | __main__:create_standardized_folders:214 - PARAMETERS: folder_list = ['North America', 'South America', 'Europe', 'Asia', 'Africa', 'Oceania', 'Middle East'], to_lowercase = True, remove_spaces = True
2025-09-03 19:21:32 | INFO | __main__:235 | Created folder: C:\Repos\datafun-02-automation\taco_al_pastor
2025-09-03 19:21:32.338 | INFO     | __main__:create_standardized_folders:235 - Created folder: C:\Repos\datafun-02-automation\taco_al_pastor
2025-09-03 19:21:32 | INFO | __main__:235 | Created folder: C:\Repos\datafun-02-automation\taco_carne_asada
2025-09-03 19:21:32.339 | INFO     | __main__:create_standardized_folders:235 - Created folder: C:\Repos\datafun-02-automation\taco_carne_asada
2025-09-03 19:21:32 | INFO | __main__:235 | Created folder: C:\Repos\datafun-02-automation\taco_fish
2025-09-03 19:21:32.341 | INFO     | __main__:create_standardized_folders:235 - Created folder: C:\Repos\datafun-02-automation\taco_fish
2025-09-03 19:21:32 | INFO | __main__:235 | Created folder: C:\Repos\datafun-02-automation\taco_carnitas
2025-09-03 19:21:32.343 | INFO     | __main__:create_standardized_folders:235 - Created folder: C:\Repos\datafun-02-automation\taco_carnitas
2025-09-03 19:21:32 | INFO | __main__:274 | 
#####################################
2025-09-03 19:21:32.343 | INFO     | __main__:main:274 - 
#####################################
2025-09-03 19:21:32 | INFO | __main__:275 | # Completed execution of main()
2025-09-03 19:21:32.344 | INFO     | __main__:main:275 - # Completed execution of main()
2025-09-03 19:21:32 | INFO | __main__:276 | #####################################
2025-09-03 19:21:32.344 | INFO     | __main__:main:276 - #####################################
2025-09-10 20:51:50 | INFO | utils_michaeljmoore:47 | Logger loaded.
2025-09-10 20:51:50 | INFO | __main__:37 | Logger loaded.
2025-09-10 20:51:50.015 | INFO     | __main__:<module>:37 - Logger loaded.
2025-09-10 20:51:50 | INFO | __main__:252 | #####################################
2025-09-10 20:51:50.016 | INFO     | __main__:main:252 - #####################################
2025-09-10 20:51:50 | INFO | __main__:253 | # Starting execution of main()
2025-09-10 20:51:50.016 | INFO     | __main__:main:253 - # Starting execution of main()
2025-09-10 20:51:50 | INFO | __main__:254 | #####################################

2025-09-10 20:51:50.016 | INFO     | __main__:main:254 - #####################################

2025-09-10 20:51:50 | INFO | __main__:257 | Byline: 
**********************************************************
Moore CAD Design — Project Header
**********************************************************
Author:                     Michael J Moore
Motto:                      Do Math not Magic. Show Your Work!
Years Active:               5
Accepting New Clients?:     True
Remote Workshops?:          True
Services:                   ['Data Analysis', 'Machine Learning', 'Business Intelligence']
Client Satisfaction Scores: [4.8, 4.6, 4.9, 5.0, 4.7]
Minimum Satisfaction Score: 4.6
Maximum Satisfaction Score: 5.0
Mean Satisfaction Score:    4.80
     Standard Deviation:    0.16
Location:                   Mexico, Missouri
Office Locations            ['Mexico', 'Moberly', 'Fulton', 'Columbia']
Number of Locations         16
**********************************************************

2025-09-10 20:51:50.017 | INFO     | __main__:main:257 - Byline: 
**********************************************************
Moore CAD Design — Project Header
**********************************************************
Author:                     Michael J Moore
Motto:                      Do Math not Magic. Show Your Work!
Years Active:               5
Accepting New Clients?:     True
Remote Workshops?:          True
Services:                   ['Data Analysis', 'Machine Learning', 'Business Intelligence']
Client Satisfaction Scores: [4.8, 4.6, 4.9, 5.0, 4.7]
Minimum Satisfaction Score: 4.6
Maximum Satisfaction Score: 5.0
Mean Satisfaction Score:    4.80
     Standard Deviation:    0.16
Location:                   Mexico, Missouri
Office Locations            ['Mexico', 'Moberly', 'Fulton', 'Columbia']
Number of Locations         16
**********************************************************

2025-09-10 20:51:50 | INFO | __main__:72 | FUNCTION: create_folders_for_range()
2025-09-10 20:51:50.019 | INFO     | __main__:create_folders_for_range:72 - FUNCTION: create_folders_for_range()
2025-09-10 20:51:50 | INFO | __main__:73 | PARAMETERS: start_year = 2020, end_year = 2023
2025-09-10 20:51:50.019 | INFO     | __main__:create_folders_for_range:73 - PARAMETERS: start_year = 2020, end_year = 2023
2025-09-10 20:51:50 | INFO | __main__:84 | Created folder: C:\Repos\datafun-02-automation\2020
2025-09-10 20:51:50.022 | INFO     | __main__:create_folders_for_range:84 - Created folder: C:\Repos\datafun-02-automation\2020
2025-09-10 20:51:50 | INFO | __main__:84 | Created folder: C:\Repos\datafun-02-automation\2021
2025-09-10 20:51:50.027 | INFO     | __main__:create_folders_for_range:84 - Created folder: C:\Repos\datafun-02-automation\2021
2025-09-10 20:51:50 | INFO | __main__:84 | Created folder: C:\Repos\datafun-02-automation\2022
2025-09-10 20:51:50.034 | INFO     | __main__:create_folders_for_range:84 - Created folder: C:\Repos\datafun-02-automation\2022
2025-09-10 20:51:50 | INFO | __main__:84 | Created folder: C:\Repos\datafun-02-automation\2023
2025-09-10 20:51:50.039 | INFO     | __main__:create_folders_for_range:84 - Created folder: C:\Repos\datafun-02-automation\2023
2025-09-10 20:51:50 | INFO | __main__:109 | FUNCTION: create_folders_from_list()
2025-09-10 20:51:50.041 | INFO     | __main__:create_folders_from_list:109 - FUNCTION: create_folders_from_list()
2025-09-10 20:51:50 | INFO | __main__:110 | PARAMETER: folder_list = ['data-csv', 'data-excel', 'data-json']
2025-09-10 20:51:50.043 | INFO     | __main__:create_folders_from_list:110 - PARAMETER: folder_list = ['data-csv', 'data-excel', 'data-json']
2025-09-10 20:51:50 | INFO | __main__:123 | Created folder: C:\Repos\datafun-02-automation\data-csv
2025-09-10 20:51:50.049 | INFO     | __main__:create_folders_from_list:123 - Created folder: C:\Repos\datafun-02-automation\data-csv
2025-09-10 20:51:50 | INFO | __main__:123 | Created folder: C:\Repos\datafun-02-automation\data-excel
2025-09-10 20:51:50.058 | INFO     | __main__:create_folders_from_list:123 - Created folder: C:\Repos\datafun-02-automation\data-excel
2025-09-10 20:51:50 | INFO | __main__:123 | Created folder: C:\Repos\datafun-02-automation\data-json
2025-09-10 20:51:50.063 | INFO     | __main__:create_folders_from_list:123 - Created folder: C:\Repos\datafun-02-automation\data-json
2025-09-10 20:51:50 | INFO | __main__:148 | FUNCTION: create_prefixed_folders()
2025-09-10 20:51:50.065 | INFO     | __main__:create_prefixed_folders_using_list_comprehension:148 - FUNCTION: create_prefixed_folders()
2025-09-10 20:51:50 | INFO | __main__:149 | PARAMETERS: folder_list = ['csv', 'excel', 'json'], prefix = output-
2025-09-10 20:51:50.066 | INFO     | __main__:create_prefixed_folders_using_list_comprehension:149 - PARAMETERS: folder_list = ['csv', 'excel', 'json'], prefix = output-
2025-09-10 20:51:50 | INFO | __main__:158 | Created folder: C:\Repos\datafun-02-automation\output-csv
2025-09-10 20:51:50.072 | INFO     | __main__:create_prefixed_folders_using_list_comprehension:158 - Created folder: C:\Repos\datafun-02-automation\output-csv
2025-09-10 20:51:50 | INFO | __main__:158 | Created folder: C:\Repos\datafun-02-automation\output-excel
2025-09-10 20:51:50.077 | INFO     | __main__:create_prefixed_folders_using_list_comprehension:158 - Created folder: C:\Repos\datafun-02-automation\output-excel
2025-09-10 20:51:50 | INFO | __main__:158 | Created folder: C:\Repos\datafun-02-automation\output-json
2025-09-10 20:51:50.083 | INFO     | __main__:create_prefixed_folders_using_list_comprehension:158 - Created folder: C:\Repos\datafun-02-automation\output-json
2025-09-10 20:51:50 | INFO | __main__:178 | FUNCTION: create_folders_periodically()
2025-09-10 20:51:50.085 | INFO     | __main__:create_folders_periodically:178 - FUNCTION: create_folders_periodically()
2025-09-10 20:51:50 | INFO | __main__:179 | PARAMETER: duration_seconds = 5
2025-09-10 20:51:50.087 | INFO     | __main__:create_folders_periodically:179 - PARAMETER: duration_seconds = 5
2025-09-10 20:51:50 | INFO | __main__:192 | Created folder: C:\Repos\datafun-02-automation\1_algebra
2025-09-10 20:51:50.094 | INFO     | __main__:create_folders_periodically:192 - Created folder: C:\Repos\datafun-02-automation\1_algebra
2025-09-10 20:51:55 | INFO | __main__:192 | Created folder: C:\Repos\datafun-02-automation\2_geometry
2025-09-10 20:51:55.106 | INFO     | __main__:create_folders_periodically:192 - Created folder: C:\Repos\datafun-02-automation\2_geometry
2025-09-10 20:52:00 | INFO | __main__:192 | Created folder: C:\Repos\datafun-02-automation\3_calculus
2025-09-10 20:52:00.109 | INFO     | __main__:create_folders_periodically:192 - Created folder: C:\Repos\datafun-02-automation\3_calculus
2025-09-10 20:52:05 | INFO | __main__:192 | Created folder: C:\Repos\datafun-02-automation\4_statistics
2025-09-10 20:52:05.113 | INFO     | __main__:create_folders_periodically:192 - Created folder: C:\Repos\datafun-02-automation\4_statistics
2025-09-10 20:52:10 | INFO | __main__:192 | Created folder: C:\Repos\datafun-02-automation\5_trigonometry
2025-09-10 20:52:10.117 | INFO     | __main__:create_folders_periodically:192 - Created folder: C:\Repos\datafun-02-automation\5_trigonometry
2025-09-10 20:52:15 | INFO | __main__:217 | FUNCTION: create_standardized_folders()
2025-09-10 20:52:15.118 | INFO     | __main__:create_standardized_folders:217 - FUNCTION: create_standardized_folders()
